cosine009
Sun Jul 19 17:36:32 PDT 2020
Loading required package: Matrix

Attaching package: ‘expm’

The following object is masked from ‘package:Matrix’:

    expm

[1]  1.000000e+00  1.000000e+00 -4.704136e-17  1.546141e+06
[1]  2.000000e+00  1.000000e+00 -4.394705e-17  1.531027e+06
[1]  3.000000e+00  1.000000e+00 -4.390694e-17  1.516101e+06
[1] 4.000000e+00 1.000000e+00 5.153430e-17 1.501368e+06
[1] 5.000000e+00 1.000000e+00 6.500876e-18 1.486858e+06
[1] 6.000000e+00 1.000000e+00 1.871983e-17 1.472763e+06
[1]  7.000000e+00  1.000000e+00 -8.673617e-17  1.459100e+06
[1] 8.000000e+00 1.000000e+00 9.139824e-17 1.433364e+06
[1]  9.000000e+00  1.000000e+00 -3.851845e-17  1.420933e+06
[1] 1.000000e+01 1.000000e+00 2.132409e-17 1.408496e+06
[1]  1.100000e+01  1.000000e+00 -8.739862e-17  2.860928e+05
[1]  1.000000e+00  2.000000e+00 -1.574478e-17  1.029866e+05
[1]  2.000000e+00  2.000000e+00 -5.318012e-17  1.017436e+05
[1] 3.000000e+00 2.000000e+00 7.399680e-17 1.006894e+05
[1] 4.000000e+00 2.000000e+00 2.092510e-18 9.983998e+04
[1]  5.000000e+00  2.000000e+00 -4.604823e-17  9.914173e+04
[1]  6.000000e+00  2.000000e+00 -4.882162e-17  9.847921e+04
[1]  7.000000e+00  2.000000e+00 -4.901678e-17  9.781687e+04
[1] 8.000000e+00 2.000000e+00 2.545924e-17 9.650729e+04
[1]  9.000000e+00  2.000000e+00 -5.817395e-17  9.583440e+04
[1] 1.000000e+01 2.000000e+00 3.758712e-17 9.515349e+04
[1]  1.100000e+01  2.000000e+00 -5.668643e-17  4.807039e+04
[1] 1.000000e+00 3.000000e+00 6.009949e-17 1.398442e+05
[1] 2.000000e+00 3.000000e+00 9.419332e-17 1.382673e+05
[1] 3.000000e+00 3.000000e+00 9.913945e-18 1.367555e+05
[1]  4.000000e+00  3.000000e+00 -6.487215e-17  1.353121e+05
[1] 5.000000e+00 3.000000e+00 1.130053e-16 1.339493e+05
[1] 6.000000e+00 3.000000e+00 8.099749e-17 1.326690e+05
[1]  7.000000e+00  3.000000e+00 -1.271986e-17  1.314738e+05
[1]  8.000000e+00  3.000000e+00 -8.952474e-17  1.293035e+05
[1] 9.000000e+00 3.000000e+00 3.241764e-17 1.283254e+05
[1]  1.000000e+01  3.000000e+00 -4.118234e-17  1.273331e+05
[1]  1.100000e+01  3.000000e+00 -2.847115e-17  3.868362e+04
[1]  1.000000e+00  4.000000e+00 -6.874492e-17  1.845167e+05
[1] 2.000000e+00 4.000000e+00 7.385802e-17 1.825810e+05
[1]  3.000000e+00  4.000000e+00 -4.914038e-17  1.807274e+05
[1] 4.000000e+00 4.000000e+00 3.920041e-17 1.789283e+05
