cosine010
Sun Jul 26 15:15:20 PDT 2020
Loading required package: Matrix

Attaching package: ‘expm’

The following object is masked from ‘package:Matrix’:

    expm

Error in evaluation() : object 'opt5.see' not found
Execution halted
cosine009
Sun Jul 26 15:31:31 PDT 2020
Loading required package: Matrix

Attaching package: ‘expm’

The following object is masked from ‘package:Matrix’:

    expm

Error in evaluation() : object 'opt5.see' not found
Execution halted
cosine010
Sun Jul 26 15:55:35 PDT 2020
Loading required package: Matrix

Attaching package: ‘expm’

The following object is masked from ‘package:Matrix’:

    expm

[1]     1.000000     1.000000     5.380628 12902.361724 61627.450619
[1]     2.000000     1.000000     5.382336 12880.749485 61754.595695
[1]     3.00000     1.00000     5.38295 12863.70789 61852.68067
[1]     4.000000     1.000000     5.384332 12857.148808 62007.952426
[1]     5.000000     1.000000     5.385556 12856.416735 62176.361926
[1]     6.000000     1.000000     5.386631 12862.879575 62359.465069
[1]     7.000000     1.000000     5.387566 12874.975995 62560.580107
[1]     8.000000     1.000000     5.389034 12912.299408 63015.953341
[1]     9.000000     1.000000     5.389574 12935.937741 63272.711014
[1]    10.000000     1.000000     5.390895 12963.773436 63589.809447
[1]    11.000000     1.000000     5.401158 15181.139979 85580.718231
[1]     1.000000     2.000000     5.492047 11732.722669 61806.809310
[1]     2.000000     2.000000     5.493313 11705.127100 61890.351531
[1]     3.000000     2.000000     5.495587 11686.188404 62023.468419
[1]     4.000000     2.000000     5.496406 11665.352671 62126.281831
[1]     5.000000     2.000000     5.498242 11653.594182 62280.086035
[1]     6.000000     2.000000     5.499864 11642.965814 62445.874546
[1]     7.000000     2.000000     5.501286 11634.107749 62625.590910
[1]     8.000000     2.000000     5.503573 11621.617794 63029.780757
[1]     9.000000     2.000000     5.504453 11614.623890 63257.303068
[1]    10.000000     2.000000     5.505165 11605.702061 63501.642598
[1]    11.000000     2.000000     5.519392 12208.146110 83819.554021
[1]     1.00000     3.00000     5.32393  9573.20489 61861.77143
[1]     2.00000     3.00000     5.32627  9552.19102 62003.38214
[1]     3.00000     3.00000     5.32722  9536.76508 62110.43383
[1]     4.000000     3.000000     5.329123  9526.634432 62274.338676
[1]     5.000000     3.000000     5.330814  9522.012569 62446.896650
[1]     6.000000     3.000000     5.331177  9521.725912 62584.768327
[1]     7.000000     3.000000     5.332498  9523.629740 62779.384113
[1]     8.000000     3.000000     5.334606  9535.679348 63215.626164
[1]     9.000000     3.000000     5.336524  9543.458348 63504.545948
[1]    10.000000     3.000000     5.337178  9552.958218 63769.618567
[1]    11.000000     3.000000     5.349208 10961.474855 84836.948903
[1]     1.000000     4.000000     5.283152 15496.278811 64327.475812
[1]     2.000000     4.000000     5.284208 15477.762853 64426.440584
[1]     3.000000     4.000000     5.286199 15468.788128 64583.820227
[1]     4.000000     4.000000     5.287973 15464.612662 64751.119539
[1]     5.00000     4.00000     5.28844 15458.34844 64880.72468
[1]     6.000000     4.000000     5.289841 15460.436158 65067.449140
[1]     7.00000     4.00000     5.29106 15461.50525 65264.36934
[1]     8.000000     4.000000     5.292989 15466.542965 65697.707923
[1]     9.000000     4.000000     5.294796 15477.514763 65985.508417
[1]    10.000000     4.000000     5.295378 15484.058631 66242.763762
[1]    11.000000     4.000000     5.307399 17017.786947 87413.911328
[1]     1.000000     5.000000     5.422277 13806.099776 62531.372223
[1]     2.000000     5.000000     5.425121 13797.934285 62669.074582
[1]     3.000000     5.000000     5.426315 13790.821818 62777.507670
[1]     4.000000     5.000000     5.428649 13794.448542 62937.813814
[1]     5.000000     5.000000     5.429361 13797.910975 63070.620606
[1]     6.000000     5.000000     5.431232 13808.555451 63259.123198
[1]     7.000000     5.000000     5.432878 13820.496560 63461.500903
[1]     8.000000     5.000000     5.435537 13849.343859 63914.000451
[1]     9.000000     5.000000     5.436565 13866.978504 64166.012245
[1]    10.000000     5.000000     5.438763 13890.047335 64475.534072
[1]    11.000000     5.000000     5.454676 15792.038450 85992.880830
[1]     1.000000     6.000000     5.317296 10526.046262 61952.752645
[1]     2.000000     6.000000     5.318413 10504.591570 62048.133981
[1]     3.000000     6.000000     5.319319 10489.117808 62155.095647
[1]     4.000000     6.000000     5.321129 10480.490967 62315.753838
[1]     5.000000     6.000000     5.321646 10474.184995 62443.281142
[1]     6.000000     6.000000     5.323079 10471.665904 62622.025065
[1]     7.000000     6.000000     5.324328 10470.901907 62812.588180
[1]     8.000000     6.000000     5.326316 10474.776164 63240.629356
[1]     9.000000     6.000000     5.327071 10477.120176 63479.262763
[1]    10.000000     6.000000     5.327671 10480.528610 63735.281631
[1]    11.00000     6.00000     5.33972 11672.03030 84661.23630
[1]     1.000000     7.000000     5.328557 10494.326864 62409.151179
[1]     2.000000     7.000000     5.331014 10471.029345 62556.053980
[1]     3.000000     7.000000     5.331896 10448.075096 62659.182746
[1]     4.000000     7.000000     5.333895 10432.214505 62820.079931
[1]     5.00000     7.00000     5.33567 10420.82308 62991.40434
[1]     6.000000     7.000000     5.337234 10413.981427 63175.805060
[1]     7.000000     7.000000     5.338596 10412.127359 63373.000590
[1]     8.000000     7.000000     5.340742 10416.399567 63804.176603
[1]     9.000000     7.000000     5.342843 10424.913945 64091.925977
[1]    10.000000     7.000000     5.343477 10429.702285 64349.616600
[1]    11.000000     7.000000     5.358774 11760.227300 85450.059162
[1]     1.00000     8.00000     5.46071 22580.15729 67903.85892
[1]     2.000000     8.000000     5.463551 22544.164387 68005.334092
[1]     3.000000     8.000000     5.464618 22504.826354 68074.736930
[1]     4.000000     8.000000     5.466933 22472.604155 68199.034548
[1]     5.000000     8.000000     5.468991 22440.719763 68333.922232
[1]     6.000000     8.000000     5.470807 22409.316725 68479.386851
[1]     7.000000     8.000000     5.472394 22378.651749 68637.621555
[1]     8.000000     8.000000     5.474917 22323.842455 68998.092362
[1]     9.000000     8.000000     5.475864 22296.267565 69201.627648
[1]    10.00000     8.00000     5.47807 22274.44369 69465.35848
[1]    11.000000     8.000000     5.494403 22441.042518 89277.002662
[1]     1.000000     9.000000     5.353192 11799.756620 61206.022404
[1]     2.000000     9.000000     5.353955 11775.501979 61274.923275
[1]     3.000000     9.000000     5.355665 11763.918531 61395.492581
[1]     4.000000     9.000000     5.357171 11754.858642 61527.830061
[1]     5.000000     9.000000     5.358489 11747.332927 61672.816273
[1]     6.000000     9.000000     5.359629 11740.389511 61830.548784
[1]     7.000000     9.000000     5.360601 11732.144406 61998.856650
[1]     8.000000     9.000000     5.362065 11714.643191 62376.778821
[1]     9.000000     9.000000     5.362564 11705.813682 62590.885444
[1]    10.000000     9.000000     5.364017 11705.991070 62864.225056
[1]    11.000000     9.000000     5.374764 12463.015599 83149.216764
[1]     1.000000    10.000000     5.252165 16144.495040 65948.269581
[1]     2.000000    10.000000     5.253027 16122.989675 66025.324272
[1]     3.000000    10.000000     5.254834 16113.075820 66153.982171
[1]     4.000000    10.000000     5.256448 16108.701305 66295.999047
[1]     5.000000    10.000000     5.257878 16107.013134 66453.949577
[1]     6.000000    10.000000     5.259135 16109.171542 66626.531386
[1]     7.000000    10.000000     5.260225 16117.088999 66814.629257
[1]     8.000000    10.000000     5.261925 16141.908153 67245.503573
[1]     9.000000    10.000000     5.263652 16164.746651 67533.652468
[1]    10.000000    10.000000     5.264135 16184.374998 67800.433605
[1]    11.000000    10.000000     5.277564 18175.202831 89519.263638
Time difference of 12.63703 mins
[1] 12.18249
Error in B_iter - B_iter_next : non-conformable arrays
Calls: evaluation
Execution halted
cosine009
Sun Jul 26 17:08:20 PDT 2020
Loading required package: Matrix

Attaching package: ‘expm’

The following object is masked from ‘package:Matrix’:

    expm

[1]     1.000000     1.000000     5.380628 12902.361724 61627.450619
[1]     2.000000     1.000000     5.382336 12880.749485 61754.595695
[1]     3.00000     1.00000     5.38295 12863.70789 61852.68067
[1]     4.000000     1.000000     5.384332 12857.148808 62007.952426
[1]     5.000000     1.000000     5.385556 12856.416735 62176.361926
[1]     6.000000     1.000000     5.386631 12862.879575 62359.465069
[1]     7.000000     1.000000     5.387566 12874.975995 62560.580107
[1]     8.000000     1.000000     5.389034 12912.299408 63015.953341
[1]     9.000000     1.000000     5.389574 12935.937741 63272.711014
[1]    10.000000     1.000000     5.390895 12963.773436 63589.809447
[1]    11.000000     1.000000     5.401158 15181.139979 85580.718231
[1]     1.000000     2.000000     5.492047 11732.722669 61806.809310
[1]     2.000000     2.000000     5.493313 11705.127100 61890.351531
[1]     3.000000     2.000000     5.495587 11686.188404 62023.468419
[1]     4.000000     2.000000     5.496406 11665.352671 62126.281831
[1]     5.000000     2.000000     5.498242 11653.594182 62280.086035
[1]     6.000000     2.000000     5.499864 11642.965814 62445.874546
[1]     7.000000     2.000000     5.501286 11634.107749 62625.590910
[1]     8.000000     2.000000     5.503573 11621.617794 63029.780757
[1]     9.000000     2.000000     5.504453 11614.623890 63257.303068
[1]    10.000000     2.000000     5.505165 11605.702061 63501.642598
[1]    11.000000     2.000000     5.519392 12208.146110 83819.554021
[1]     1.00000     3.00000     5.32393  9573.20489 61861.77143
[1]     2.00000     3.00000     5.32627  9552.19102 62003.38214
[1]     3.00000     3.00000     5.32722  9536.76508 62110.43383
[1]     4.000000     3.000000     5.329123  9526.634432 62274.338676
[1]     5.000000     3.000000     5.330814  9522.012569 62446.896650
[1]     6.000000     3.000000     5.331177  9521.725912 62584.768327
[1]     7.000000     3.000000     5.332498  9523.629740 62779.384113
[1]     8.000000     3.000000     5.334606  9535.679348 63215.626164
[1]     9.000000     3.000000     5.336524  9543.458348 63504.545948
[1]    10.000000     3.000000     5.337178  9552.958218 63769.618567
[1]    11.000000     3.000000     5.349208 10961.474855 84836.948903
[1]     1.000000     4.000000     5.283152 15496.278811 64327.475812
[1]     2.000000     4.000000     5.284208 15477.762853 64426.440584
[1]     3.000000     4.000000     5.286199 15468.788128 64583.820227
[1]     4.000000     4.000000     5.287973 15464.612662 64751.119539
[1]     5.00000     4.00000     5.28844 15458.34844 64880.72468
[1]     6.000000     4.000000     5.289841 15460.436158 65067.449140
[1]     7.00000     4.00000     5.29106 15461.50525 65264.36934
[1]     8.000000     4.000000     5.292989 15466.542965 65697.707923
[1]     9.000000     4.000000     5.294796 15477.514763 65985.508417
[1]    10.000000     4.000000     5.295378 15484.058631 66242.763762
[1]    11.000000     4.000000     5.307399 17017.786947 87413.911328
[1]     1.000000     5.000000     5.422277 13806.099776 62531.372223
[1]     2.000000     5.000000     5.425121 13797.934285 62669.074582
[1]     3.000000     5.000000     5.426315 13790.821818 62777.507670
[1]     4.000000     5.000000     5.428649 13794.448542 62937.813814
[1]     5.000000     5.000000     5.429361 13797.910975 63070.620606
[1]     6.000000     5.000000     5.431232 13808.555451 63259.123198
[1]     7.000000     5.000000     5.432878 13820.496560 63461.500903
[1]     8.000000     5.000000     5.435537 13849.343859 63914.000451
[1]     9.000000     5.000000     5.436565 13866.978504 64166.012245
[1]    10.000000     5.000000     5.438763 13890.047335 64475.534072
[1]    11.000000     5.000000     5.454676 15792.038450 85992.880830
[1]     1.000000     6.000000     5.317296 10526.046262 61952.752645
[1]     2.000000     6.000000     5.318413 10504.591570 62048.133981
[1]     3.000000     6.000000     5.319319 10489.117808 62155.095647
[1]     4.000000     6.000000     5.321129 10480.490967 62315.753838
[1]     5.000000     6.000000     5.321646 10474.184995 62443.281142
[1]     6.000000     6.000000     5.323079 10471.665904 62622.025065
[1]     7.000000     6.000000     5.324328 10470.901907 62812.588180
[1]     8.000000     6.000000     5.326316 10474.776164 63240.629356
[1]     9.000000     6.000000     5.327071 10477.120176 63479.262763
[1]    10.000000     6.000000     5.327671 10480.528610 63735.281631
[1]    11.00000     6.00000     5.33972 11672.03030 84661.23630
[1]     1.000000     7.000000     5.328557 10494.326864 62409.151179
[1]     2.000000     7.000000     5.331014 10471.029345 62556.053980
[1]     3.000000     7.000000     5.331896 10448.075096 62659.182746
[1]     4.000000     7.000000     5.333895 10432.214505 62820.079931
[1]     5.00000     7.00000     5.33567 10420.82308 62991.40434
[1]     6.000000     7.000000     5.337234 10413.981427 63175.805060
[1]     7.000000     7.000000     5.338596 10412.127359 63373.000590
[1]     8.000000     7.000000     5.340742 10416.399567 63804.176603
[1]     9.000000     7.000000     5.342843 10424.913945 64091.925977
[1]    10.000000     7.000000     5.343477 10429.702285 64349.616600
[1]    11.000000     7.000000     5.358774 11760.227300 85450.059162
[1]     1.00000     8.00000     5.46071 22580.15729 67903.85892
[1]     2.000000     8.000000     5.463551 22544.164387 68005.334092
[1]     3.000000     8.000000     5.464618 22504.826354 68074.736930
[1]     4.000000     8.000000     5.466933 22472.604155 68199.034548
[1]     5.000000     8.000000     5.468991 22440.719763 68333.922232
[1]     6.000000     8.000000     5.470807 22409.316725 68479.386851
[1]     7.000000     8.000000     5.472394 22378.651749 68637.621555
[1]     8.000000     8.000000     5.474917 22323.842455 68998.092362
[1]     9.000000     8.000000     5.475864 22296.267565 69201.627648
[1]    10.00000     8.00000     5.47807 22274.44369 69465.35848
[1]    11.000000     8.000000     5.494403 22441.042518 89277.002662
[1]     1.000000     9.000000     5.353192 11799.756620 61206.022404
[1]     2.000000     9.000000     5.353955 11775.501979 61274.923275
[1]     3.000000     9.000000     5.355665 11763.918531 61395.492581
[1]     4.000000     9.000000     5.357171 11754.858642 61527.830061
[1]     5.000000     9.000000     5.358489 11747.332927 61672.816273
[1]     6.000000     9.000000     5.359629 11740.389511 61830.548784
[1]     7.000000     9.000000     5.360601 11732.144406 61998.856650
[1]     8.000000     9.000000     5.362065 11714.643191 62376.778821
[1]     9.000000     9.000000     5.362564 11705.813682 62590.885444
[1]    10.000000     9.000000     5.364017 11705.991070 62864.225056
[1]    11.000000     9.000000     5.374764 12463.015599 83149.216764
[1]     1.000000    10.000000     5.252165 16144.495040 65948.269581
[1]     2.000000    10.000000     5.253027 16122.989675 66025.324272
[1]     3.000000    10.000000     5.254834 16113.075820 66153.982171
[1]     4.000000    10.000000     5.256448 16108.701305 66295.999047
[1]     5.000000    10.000000     5.257878 16107.013134 66453.949577
[1]     6.000000    10.000000     5.259135 16109.171542 66626.531386
[1]     7.000000    10.000000     5.260225 16117.088999 66814.629257
[1]     8.000000    10.000000     5.261925 16141.908153 67245.503573
[1]     9.000000    10.000000     5.263652 16164.746651 67533.652468
[1]    10.000000    10.000000     5.264135 16184.374998 67800.433605
[1]    11.000000    10.000000     5.277564 18175.202831 89519.263638
Time difference of 15.21802 mins
[1] 12.18249
Error in B_iter - B_iter_next : non-conformable arrays
Calls: evaluation
Execution halted
cosine010
Sun Jul 26 18:21:50 PDT 2020
Loading required package: Matrix

Attaching package: ‘expm’

The following object is masked from ‘package:Matrix’:

    expm

[1]     1.000000     1.000000     5.380628 12902.361724 61627.450619
[1]     2.000000     1.000000     5.382336 12880.749485 61754.595695
[1]     3.00000     1.00000     5.38295 12863.70789 61852.68067
[1]     4.000000     1.000000     5.384332 12857.148808 62007.952426
[1]     5.000000     1.000000     5.385556 12856.416735 62176.361926
[1]     6.000000     1.000000     5.386631 12862.879575 62359.465069
[1]     7.000000     1.000000     5.387566 12874.975995 62560.580107
[1]     8.000000     1.000000     5.389034 12912.299408 63015.953341
[1]     9.000000     1.000000     5.389574 12935.937741 63272.711014
[1]    10.000000     1.000000     5.390895 12963.773436 63589.809447
[1]    11.000000     1.000000     5.401158 15181.139979 85580.718231
[1]     1.000000     2.000000     5.492047 11732.722669 61806.809310
[1]     2.000000     2.000000     5.493313 11705.127100 61890.351531
[1]     3.000000     2.000000     5.495587 11686.188404 62023.468419
[1]     4.000000     2.000000     5.496406 11665.352671 62126.281831
[1]     5.000000     2.000000     5.498242 11653.594182 62280.086035
[1]     6.000000     2.000000     5.499864 11642.965814 62445.874546
[1]     7.000000     2.000000     5.501286 11634.107749 62625.590910
[1]     8.000000     2.000000     5.503573 11621.617794 63029.780757
[1]     9.000000     2.000000     5.504453 11614.623890 63257.303068
[1]    10.000000     2.000000     5.505165 11605.702061 63501.642598
[1]    11.000000     2.000000     5.519392 12208.146110 83819.554021
[1]     1.00000     3.00000     5.32393  9573.20489 61861.77143
[1]     2.00000     3.00000     5.32627  9552.19102 62003.38214
[1]     3.00000     3.00000     5.32722  9536.76508 62110.43383
[1]     4.000000     3.000000     5.329123  9526.634432 62274.338676
[1]     5.000000     3.000000     5.330814  9522.012569 62446.896650
[1]     6.000000     3.000000     5.331177  9521.725912 62584.768327
[1]     7.000000     3.000000     5.332498  9523.629740 62779.384113
[1]     8.000000     3.000000     5.334606  9535.679348 63215.626164
[1]     9.000000     3.000000     5.336524  9543.458348 63504.545948
[1]    10.000000     3.000000     5.337178  9552.958218 63769.618567
[1]    11.000000     3.000000     5.349208 10961.474855 84836.948903
[1]     1.000000     4.000000     5.283152 15496.278811 64327.475812
[1]     2.000000     4.000000     5.284208 15477.762853 64426.440584
[1]     3.000000     4.000000     5.286199 15468.788128 64583.820227
[1]     4.000000     4.000000     5.287973 15464.612662 64751.119539
[1]     5.00000     4.00000     5.28844 15458.34844 64880.72468
[1]     6.000000     4.000000     5.289841 15460.436158 65067.449140
[1]     7.00000     4.00000     5.29106 15461.50525 65264.36934
[1]     8.000000     4.000000     5.292989 15466.542965 65697.707923
[1]     9.000000     4.000000     5.294796 15477.514763 65985.508417
[1]    10.000000     4.000000     5.295378 15484.058631 66242.763762
[1]    11.000000     4.000000     5.307399 17017.786947 87413.911328
[1]     1.000000     5.000000     5.422277 13806.099776 62531.372223
[1]     2.000000     5.000000     5.425121 13797.934285 62669.074582
[1]     3.000000     5.000000     5.426315 13790.821818 62777.507670
[1]     4.000000     5.000000     5.428649 13794.448542 62937.813814
[1]     5.000000     5.000000     5.429361 13797.910975 63070.620606
[1]     6.000000     5.000000     5.431232 13808.555451 63259.123198
[1]     7.000000     5.000000     5.432878 13820.496560 63461.500903
[1]     8.000000     5.000000     5.435537 13849.343859 63914.000451
[1]     9.000000     5.000000     5.436565 13866.978504 64166.012245
[1]    10.000000     5.000000     5.438763 13890.047335 64475.534072
[1]    11.000000     5.000000     5.454676 15792.038450 85992.880830
[1]     1.000000     6.000000     5.317296 10526.046262 61952.752645
[1]     2.000000     6.000000     5.318413 10504.591570 62048.133981
[1]     3.000000     6.000000     5.319319 10489.117808 62155.095647
[1]     4.000000     6.000000     5.321129 10480.490967 62315.753838
[1]     5.000000     6.000000     5.321646 10474.184995 62443.281142
[1]     6.000000     6.000000     5.323079 10471.665904 62622.025065
[1]     7.000000     6.000000     5.324328 10470.901907 62812.588180
[1]     8.000000     6.000000     5.326316 10474.776164 63240.629356
[1]     9.000000     6.000000     5.327071 10477.120176 63479.262763
[1]    10.000000     6.000000     5.327671 10480.528610 63735.281631
[1]    11.00000     6.00000     5.33972 11672.03030 84661.23630
[1]     1.000000     7.000000     5.328557 10494.326864 62409.151179
[1]     2.000000     7.000000     5.331014 10471.029345 62556.053980
[1]     3.000000     7.000000     5.331896 10448.075096 62659.182746
[1]     4.000000     7.000000     5.333895 10432.214505 62820.079931
[1]     5.00000     7.00000     5.33567 10420.82308 62991.40434
[1]     6.000000     7.000000     5.337234 10413.981427 63175.805060
[1]     7.000000     7.000000     5.338596 10412.127359 63373.000590
[1]     8.000000     7.000000     5.340742 10416.399567 63804.176603
[1]     9.000000     7.000000     5.342843 10424.913945 64091.925977
[1]    10.000000     7.000000     5.343477 10429.702285 64349.616600
[1]    11.000000     7.000000     5.358774 11760.227300 85450.059162
[1]     1.00000     8.00000     5.46071 22580.15729 67903.85892
[1]     2.000000     8.000000     5.463551 22544.164387 68005.334092
[1]     3.000000     8.000000     5.464618 22504.826354 68074.736930
[1]     4.000000     8.000000     5.466933 22472.604155 68199.034548
[1]     5.000000     8.000000     5.468991 22440.719763 68333.922232
[1]     6.000000     8.000000     5.470807 22409.316725 68479.386851
[1]     7.000000     8.000000     5.472394 22378.651749 68637.621555
[1]     8.000000     8.000000     5.474917 22323.842455 68998.092362
[1]     9.000000     8.000000     5.475864 22296.267565 69201.627648
[1]    10.00000     8.00000     5.47807 22274.44369 69465.35848
[1]    11.000000     8.000000     5.494403 22441.042518 89277.002662
[1]     1.000000     9.000000     5.353192 11799.756620 61206.022404
[1]     2.000000     9.000000     5.353955 11775.501979 61274.923275
[1]     3.000000     9.000000     5.355665 11763.918531 61395.492581
[1]     4.000000     9.000000     5.357171 11754.858642 61527.830061
[1]     5.000000     9.000000     5.358489 11747.332927 61672.816273
[1]     6.000000     9.000000     5.359629 11740.389511 61830.548784
[1]     7.000000     9.000000     5.360601 11732.144406 61998.856650
[1]     8.000000     9.000000     5.362065 11714.643191 62376.778821
[1]     9.000000     9.000000     5.362564 11705.813682 62590.885444
[1]    10.000000     9.000000     5.364017 11705.991070 62864.225056
[1]    11.000000     9.000000     5.374764 12463.015599 83149.216764
[1]     1.000000    10.000000     5.252165 16144.495040 65948.269581
[1]     2.000000    10.000000     5.253027 16122.989675 66025.324272
[1]     3.000000    10.000000     5.254834 16113.075820 66153.982171
[1]     4.000000    10.000000     5.256448 16108.701305 66295.999047
[1]     5.000000    10.000000     5.257878 16107.013134 66453.949577
[1]     6.000000    10.000000     5.259135 16109.171542 66626.531386
[1]     7.000000    10.000000     5.260225 16117.088999 66814.629257
[1]     8.000000    10.000000     5.261925 16141.908153 67245.503573
[1]     9.000000    10.000000     5.263652 16164.746651 67533.652468
[1]    10.000000    10.000000     5.264135 16184.374998 67800.433605
[1]    11.000000    10.000000     5.277564 18175.202831 89519.263638
Time difference of 12.65536 mins
[1] 12.18249
