-bash: /home/stats/daiy/rls3/replicates.sh: No such file or directory
-bash: /home/stats/daiy/rls3/replicates.sh: No such file or directory
-bash: /home/stats/daiy/rls3/replicates.sh: No such file or directory
-bash: /home/stats/daiy/rls3/replicates.sh: No such file or directory
cosine010
Sun Jul 12 20:47:37 PDT 2020
Loading required package: Matrix

Attaching package: ‘expm’

The following object is masked from ‘package:Matrix’:

    expm

Error in library(tidyverse) : there is no package called ‘tidyverse’
Execution halted
cosine009
Sun Jul 12 20:49:52 PDT 2020
Loading required package: Matrix

Attaching package: ‘expm’

The following object is masked from ‘package:Matrix’:

    expm

cosine010
Sun Jul 12 20:52:07 PDT 2020
Loading required package: Matrix

Attaching package: ‘expm’

The following object is masked from ‘package:Matrix’:

    expm

manpath: warning: $MANPATH set, ignoring /etc/man_db.conf
cosine001
Sun Jul 19 17:12:17 PDT 2020
Loading required package: Matrix

Attaching package: ‘expm’

The following object is masked from ‘package:Matrix’:

    expm

[1]  1.000000e+00  1.000000e+00 -4.663756e-17  1.310488e+04
[1]  2.000000e+00  1.000000e+00 -7.723374e-17  1.308830e+04
[1] 3.000000e+00 1.000000e+00 5.085631e-17 1.307459e+04
[1]  4.000000e+00  1.000000e+00 -4.401620e-17  1.306508e+04
[1] 5.000000e+00 1.000000e+00 1.142026e-17 1.306095e+04
[1]  6.000000e+00  1.000000e+00 -4.480646e-17  1.306142e+04
[1]  7.000000e+00  1.000000e+00 -8.813118e-17  1.306371e+04
[1]  8.000000e+00  1.000000e+00 -7.705063e-17  1.307721e+04
[1] 9.000000e+00 1.000000e+00 1.712798e-17 1.308632e+04
[1]  1.000000e+01  1.000000e+00 -9.194034e-17  1.309716e+04
[1] 1.100000e+01 1.000000e+00 3.393071e-17 2.605993e+04
[1] 1.000000e+00 2.000000e+00 3.623645e-18 7.923385e+03
[1] 2.000000e+00 2.000000e+00 7.603148e-17 7.879752e+03
[1]  3.000000e+00  2.000000e+00 -9.757820e-17  7.842173e+03
[1] 4.000000e+00 2.000000e+00 7.632783e-17 7.810661e+03
[1]  5.000000e+00  2.000000e+00 -8.792157e-17  7.782144e+03
[1] 6.000000e+00 2.000000e+00 6.646882e-17 7.756319e+03
[1]  7.000000e+00  2.000000e+00 -1.431147e-17  7.735330e+03
[1] 8.000000e+00 2.000000e+00 2.081668e-17 7.704790e+03
[1]  9.000000e+00  2.000000e+00 -8.098267e-17  7.698232e+03
[1]  1.000000e+01  2.000000e+00 -6.390769e-17  7.695308e+03
[1]  1.100000e+01  2.000000e+00 -8.642055e-17  2.009154e+04
[1] 1.000000e+00 3.000000e+00 3.958061e-17 1.435810e+04
[1] 2.000000e+00 3.000000e+00 7.682416e-17 1.432236e+04
[1]  3.000000e+00  3.000000e+00 -9.895634e-17  1.429193e+04
[1]  4.000000e+00  3.000000e+00 -2.568836e-17  1.426635e+04
[1] 5.000000e+00 3.000000e+00 8.109832e-18 1.424612e+04
[1]  6.000000e+00  3.000000e+00 -6.501358e-17  1.423012e+04
[1] 7.000000e+00 3.000000e+00 6.475819e-17 1.421852e+04
[1] 8.000000e+00 3.000000e+00 8.542068e-17 1.420491e+04
[1] 9.000000e+00 3.000000e+00 3.787480e-18 1.420193e+04
[1] 1.000000e+01 3.000000e+00 9.129464e-17 1.420174e+04
[1]  1.100000e+01  3.000000e+00 -4.008175e-17  2.820934e+04
[1]  1.000000e+00  4.000000e+00 -4.740132e-17  1.490812e+04
[1]  2.000000e+00  4.000000e+00 -5.663390e-17  1.486622e+04
[1] 3.000000e+00 4.000000e+00 4.646168e-17 1.483095e+04
[1] 4.000000e+00 4.000000e+00 3.231886e-17 1.480117e+04
[1] 5.000000e+00 4.000000e+00 2.515349e-17 1.477592e+04
[1]  6.000000e+00  4.000000e+00 -6.874806e-17  1.475317e+04
[1] 7.000000e+00 4.000000e+00 1.207175e-16 1.473420e+04
[1]  8.000000e+00  4.000000e+00 -7.468948e-18  1.471100e+04
[1] 9.000000e+00 4.000000e+00 4.386441e-17 1.470495e+04
[1] 1.000000e+01 4.000000e+00 4.279466e-17 1.470185e+04
[1] 1.100000e+01 4.000000e+00 3.924812e-17 2.777218e+04
[1]  1.000000e+00  5.000000e+00 -8.782038e-17  1.621264e+04
[1]  2.000000e+00  5.000000e+00 -7.179346e-17  1.617744e+04
[1] 3.000000e+00 5.000000e+00 6.847339e-17 1.614578e+04
[1] 4.000000e+00 5.000000e+00 4.266456e-17 1.611678e+04
[1] 5.000000e+00 5.000000e+00 5.481726e-17 1.609225e+04
[1] 6.000000e+00 5.000000e+00 4.064072e-17 1.607386e+04
[1]  7.000000e+00  5.000000e+00 -4.125751e-17  1.605830e+04
[1]  8.000000e+00  5.000000e+00 -8.847090e-17  1.603409e+04
[1] 9.000000e+00 5.000000e+00 6.178025e-17 1.602931e+04
[1] 1.000000e+01 5.000000e+00 5.482208e-17 1.602758e+04
[1] 1.100000e+01 5.000000e+00 6.698924e-17 2.874528e+04
[1] 1.000000e+00 6.000000e+00 1.225727e-16 1.723700e+04
[1]  2.000000e+00  6.000000e+00 -8.914551e-17  1.720492e+04
[1] 3.000000e+00 6.000000e+00 1.380069e-17 1.717739e+04
[1] 4.000000e+00 6.000000e+00 4.823977e-17 1.715440e+04
[1] 5.000000e+00 6.000000e+00 2.022398e-17 1.713640e+04
[1] 6.000000e+00 6.000000e+00 6.310057e-17 1.712292e+04
[1] 7.000000e+00 6.000000e+00 5.406555e-18 1.711195e+04
[1]  8.000000e+00  6.000000e+00 -4.920832e-17  1.710080e+04
[1]  9.000000e+00  6.000000e+00 -1.576671e-17  1.709996e+04
[1]  1.000000e+01  6.000000e+00 -7.143688e-17  1.710142e+04
[1] 1.100000e+01 6.000000e+00 2.346695e-18 3.100481e+04
[1] 1.000000e+00 7.000000e+00 1.161301e-17 1.473634e+04
[1]  2.000000e+00  7.000000e+00 -1.657625e-18  1.469638e+04
[1]  3.000000e+00  7.000000e+00 -5.498110e-17  1.466287e+04
[1]  4.000000e+00  7.000000e+00 -4.736759e-17  1.463399e+04
[1]  5.000000e+00  7.000000e+00 -5.740730e-17  1.461294e+04
