cosine009
Sun Jul 19 16:38:32 PDT 2020
Loading required package: Matrix

Attaching package: ‘expm’

The following object is masked from ‘package:Matrix’:

    expm

[1]      1.00000      1.00000      5.01029 813311.91606
[1] 2.000000e+00 1.000000e+00 5.011284e+00 7.912924e+05
[1] 3.000000e+00 1.000000e+00 5.012869e+00 7.703526e+05
[1] 4.000000e+00 1.000000e+00 5.013597e+00 7.504578e+05
[1] 5.000000e+00 1.000000e+00 5.014921e+00 7.316649e+05
[1] 6.000000e+00 1.000000e+00 5.015399e+00 7.138634e+05
[1] 7.000000e+00 1.000000e+00 5.016483e+00 6.971259e+05
[1] 8.000000e+00 1.000000e+00 5.018306e+00 6.672189e+05
[1] 9.000000e+00 1.000000e+00 5.019055e+00 6.543718e+05
[1] 1.000000e+01 1.000000e+00 5.020408e+00 6.431578e+05
[1] 1.100000e+01 1.000000e+00 5.030172e+00 3.395956e+05
[1]     1.00000     2.00000     4.92664 10165.24466
[1]    2.000000    2.000000    4.927636 9954.861022
[1]    3.000000    2.000000    4.929213 9777.858597
[1]    4.000000    2.000000    4.929936 9632.015908
[1]    5.000000    2.000000    4.931241 9520.985559
[1]    6.000000    2.000000    4.932413 9431.891169
[1]    7.000000    2.000000    4.933462 9365.359355
[1]    8.000000    2.000000    4.935219 9301.190658
[1]    9.00000    2.00000    4.93594 9300.29041
[1]   10.000000    2.000000    4.936561 9300.746525
[1]    11.000000     2.000000     4.945606 10358.986440
[1]     1.000000     3.000000     4.992569 11814.884124
[1]     2.000000     3.000000     4.993186 11691.685811
[1]     3.000000     3.000000     4.994213 11583.637599
[1]     4.000000     3.000000     4.995139 11486.148423
[1]     5.000000     3.000000     4.995488 11396.070137
[1]     6.000000     3.000000     4.996242 11320.836363
[1]     7.000000     3.000000     4.996914 11255.453910
[1]     8.000000     3.000000     4.998026 11146.317098
[1]     9.000000     3.000000     4.998938 11106.044106
[1]    10.00000     3.00000     4.99932 11066.48645
[1]    11.000000     3.000000     5.005832 11299.035589
[1]     1.000000     4.000000     4.829636 31405.928179
[1]     2.00000     4.00000     4.83132 30961.85236
[1]     3.000000     4.000000     4.832165 30580.284624
[1]     4.000000     4.000000     4.833575 30247.282883
[1]     5.000000     4.000000     4.834851 29962.185992
[1]     6.000000     4.000000     4.836003 29692.936870
[1]     7.000000     4.000000     4.836378 29436.924095
[1]     8.000000     4.000000     4.838134 28986.192338
[1]     9.000000     4.000000     4.839498 28777.196198
[1]    10.000000     4.000000     4.840123 28567.916191
[1]    11.00000     4.00000     4.84918 22299.72113
[1]     1.000000     5.000000     4.860684 19036.936350
[1]     2.000000     5.000000     4.861357 18412.156131
[1]     3.000000     5.000000     4.862453 17847.208892
[1]     4.000000     5.000000     4.862928 17347.756811
[1]     5.000000     5.000000     4.863825 16921.558348
[1]     6.000000     5.000000     4.864626 16585.025139
[1]     7.000000     5.000000     4.865337 16326.719083
[1]     8.000000     5.000000     4.866515 15978.265078
[1]     9.000000     5.000000     4.866991 15861.806350
[1]    10.000000     5.000000     4.867396 15776.247557
[1]    11.000000     5.000000     4.874044 13838.672660
[1] 1.000000e+00 6.000000e+00 4.849136e+00 6.897939e+05
[1] 2.000000e+00 6.000000e+00 4.849484e+00 6.661384e+05
[1] 3.000000e+00 6.000000e+00 4.850119e+00 6.444777e+05
[1] 4.000000e+00 6.000000e+00 4.850674e+00 6.251096e+05
[1] 5.000000e+00 6.000000e+00 4.851507e+00 6.084097e+05
[1] 6.000000e+00 6.000000e+00 4.851915e+00 5.946960e+05
[1] 7.000000e+00 6.000000e+00 4.852256e+00 5.831371e+05
[1] 8.000000e+00 6.000000e+00 4.852737e+00 5.654266e+05
[1] 9.000000e+00 6.000000e+00 4.853243e+00 5.593332e+05
[1] 1.000000e+01 6.000000e+00 4.853326e+00 5.541222e+05
[1] 1.100000e+01 6.000000e+00 4.857792e+00 3.796101e+05
[1]     1.000000     7.000000     5.030042 11466.802597
[1]     2.000000     7.000000     5.030931 11306.964825
[1]     3.000000     7.000000     5.032361 11167.940216
[1]     4.000000     7.000000     5.032999 11041.233575
[1]     5.000000     7.000000     5.034178 10931.585208
[1]     6.000000     7.000000     5.035234 10839.358283
[1]     7.000000     7.000000     5.036178 10758.911135
[1]     8.00000     7.00000     5.03775 10640.32645
[1]     9.000000     7.000000     5.038391 10602.775796
[1]    10.00000     7.00000     5.03894 10580.84728
[1]    11.000000     7.000000     5.047387 11029.438663
[1]     1.000000     8.000000     5.070248 11778.132900
[1]     2.000000     8.000000     5.071508 11590.819937
[1]     3.000000     8.000000     5.072652 11429.033765
[1]     4.000000     8.000000     5.073164 11289.349553
[1]     5.000000     8.000000     5.074112 11174.933268
[1]     6.000000     8.000000     5.074966 11086.952083
[1]     7.00000     8.00000     5.07573 11023.25706
[1]     8.000000     8.000000     5.077009 10948.660814
[1]     9.000000     8.000000     5.077532 10924.462138
[1]    10.000000     8.000000     5.077982 10902.460895
[1]    11.000000     8.000000     5.085119 11106.987306
[1]     1.000000     9.000000     5.025356 10940.238524
[1]     2.000000     9.000000     5.026128 10816.890173
[1]     3.000000     9.000000     5.027387 10713.347332
[1]     4.00000     9.00000     5.02852 10625.39593
[1]     5.000000     9.000000     5.028965 10547.257020
[1]     6.000000     9.000000     5.029889 10489.744445
[1]     7.000000     9.000000     5.030712 10444.379748
[1]     8.000000     9.000000     5.032076 10373.114283
[1]     9.000000     9.000000     5.032628 10349.496901
[1]    10.000000     9.000000     5.033639 10337.830998
[1]    11.000000     9.000000     5.040925 10548.656927
[1] 1.000000e+00 1.000000e+01 4.979558e+00 5.306901e+05
[1] 2.000000e+00 1.000000e+01 4.980002e+00 5.225769e+05
[1] 3.000000e+00 1.000000e+01 4.980389e+00 5.148035e+05
[1] 4.000000e+00 1.000000e+01 4.980722e+00 5.072806e+05
[1] 5.000000e+00 1.000000e+01 4.981004e+00 5.000090e+05
[1] 6.000000e+00 1.000000e+01 4.981485e+00 4.930123e+05
[1] 7.000000e+00 1.000000e+01 4.981673e+00 4.862526e+05
[1]      8.0000     10.0000      4.9824 473528.0826
[1] 9.000000e+00 1.000000e+01 4.982466e+00 4.676151e+05
[1] 1.000000e+01 1.000000e+01 4.982729e+00 4.619538e+05
[1] 1.100000e+01 1.000000e+01 4.985878e+00 2.787711e+05
[1]     1.000000    11.000000     4.983623 22305.147926
[1]     2.00000    11.00000     4.98497 22062.48979
[1]     3.000000    11.000000     4.985617 21841.897233
[1]     4.000000    11.000000     4.986738 21660.680739
[1]     5.000000    11.000000     4.987751 21508.722727
[1]     6.000000    11.000000     4.988099 21379.094262
[1]     7.000000    11.000000     4.988921 21276.294453
[1]     8.000000    11.000000     4.990292 21099.335333
[1]     9.000000    11.000000     4.991398 21021.375658
[1]    10.000000    11.000000     4.991877 20936.058020
[1]    11.000000    11.000000     4.999481 18840.978916
Time difference of 32.65166 mins
[1] 44.70118
