cosine009
Sun Jul 12 00:53:52 PDT 2020
Loading required package: Matrix

Attaching package: ‘expm’

The following object is masked from ‘package:Matrix’:

    expm

Error in library(tidyverse) : there is no package called ‘tidyverse’
Execution halted
cosine009
Sun Jul 12 01:14:52 PDT 2020
Loading required package: Matrix

Attaching package: ‘expm’

The following object is masked from ‘package:Matrix’:

    expm

Error in library(tidyverse) : there is no package called ‘tidyverse’
Execution halted
cosine009
Sun Jul 12 01:18:22 PDT 2020
Loading required package: Matrix

Attaching package: ‘expm’

The following object is masked from ‘package:Matrix’:

    expm

cosine009
Sun Jul 12 01:18:52 PDT 2020
Loading required package: Matrix

Attaching package: ‘expm’

The following object is masked from ‘package:Matrix’:

    expm

Error in colMean(pred_err) : could not find function "colMean"
Calls: evaluation
Execution halted
cosine007
Sun Jul 12 11:36:07 PDT 2020
Loading required package: Matrix

Attaching package: ‘expm’

The following object is masked from ‘package:Matrix’:

    expm

cosine010
Fri Jul 17 16:00:36 PDT 2020
Loading required package: Matrix

Attaching package: ‘expm’

The following object is masked from ‘package:Matrix’:

    expm

[1] 1
[1] 2
[1] 3
[1] 4
[1] 5
[1] 6
[1] 7
[1] 8
[1] 9
[1] 10
[1] 11
[1] 1
[1] 2
[1] 3
[1] 4
[1] 5
[1] 6
[1] 7
[1] 8
[1] 9
[1] 10
[1] 11
[1] 1
[1] 2
[1] 3
[1] 4
[1] 5
[1] 6
[1] 7
[1] 8
[1] 9
[1] 10
[1] 11
[1] 1
[1] 2
[1] 3
[1] 4
[1] 5
[1] 6
[1] 7
[1] 8
[1] 9
[1] 10
[1] 11
[1] 1
[1] 2
[1] 3
[1] 4
[1] 5
[1] 6
[1] 7
[1] 8
[1] 9
[1] 10
[1] 11
[1] 1
[1] 2
[1] 3
[1] 4
[1] 5
[1] 6
[1] 7
[1] 8
[1] 9
[1] 10
[1] 11
[1] 1
[1] 2
[1] 3
[1] 4
[1] 5
[1] 6
[1] 7
[1] 8
[1] 9
[1] 10
[1] 11
[1] 1
[1] 2
[1] 3
[1] 4
[1] 5
[1] 6
[1] 7
[1] 8
[1] 9
[1] 10
[1] 11
[1] 1
[1] 2
[1] 3
[1] 4
[1] 5
[1] 6
[1] 7
[1] 8
[1] 9
[1] 10
[1] 11
[1] 1
[1] 2
[1] 3
[1] 4
[1] 5
[1] 6
[1] 7
[1] 8
[1] 9
[1] 10
[1] 11
cosine007
Fri Jul 17 19:09:36 PDT 2020
Loading required package: Matrix

Attaching package: ‘expm’

The following object is masked from ‘package:Matrix’:

    expm

[1] 1.000000 1.000000 5.380628
[1] 2.000000 1.000000 5.382336
[1] 3.00000 1.00000 5.38295
[1] 4.000000 1.000000 5.384332
[1] 5.000000 1.000000 5.385556
[1] 6.000000 1.000000 5.386631
[1] 7.000000 1.000000 5.387566
[1] 8.000000 1.000000 5.389034
[1] 9.000000 1.000000 5.389574
[1] 10.000000  1.000000  5.390895
[1] 11.000000  1.000000  5.401158
[1] 1.000000 2.000000 5.492047
[1] 2.000000 2.000000 5.493313
[1] 3.000000 2.000000 5.495587
[1] 4.000000 2.000000 5.496406
[1] 5.000000 2.000000 5.498242
[1] 6.000000 2.000000 5.499864
[1] 7.000000 2.000000 5.501286
[1] 8.000000 2.000000 5.503573
[1] 9.000000 2.000000 5.504453
[1] 10.000000  2.000000  5.505165
[1] 11.000000  2.000000  5.519392
[1] 1.00000 3.00000 5.32393
[1] 2.00000 3.00000 5.32627
[1] 3.00000 3.00000 5.32722
[1] 4.000000 3.000000 5.329123
[1] 5.000000 3.000000 5.330814
[1] 6.000000 3.000000 5.331177
[1] 7.000000 3.000000 5.332498
[1] 8.000000 3.000000 5.334606
[1] 9.000000 3.000000 5.336524
[1] 10.000000  3.000000  5.337178
[1] 11.000000  3.000000  5.349208
[1] 1.000000 4.000000 5.283152
[1] 2.000000 4.000000 5.284208
[1] 3.000000 4.000000 5.286199
[1] 4.000000 4.000000 5.287973
[1] 5.00000 4.00000 5.28844
[1] 6.000000 4.000000 5.289841
[1] 7.00000 4.00000 5.29106
[1] 8.000000 4.000000 5.292989
[1] 9.000000 4.000000 5.294796
[1] 10.000000  4.000000  5.295378
[1] 11.000000  4.000000  5.307399
[1] 1.000000 5.000000 5.422277
[1] 2.000000 5.000000 5.425121
[1] 3.000000 5.000000 5.426315
[1] 4.000000 5.000000 5.428649
[1] 5.000000 5.000000 5.429361
[1] 6.000000 5.000000 5.431232
[1] 7.000000 5.000000 5.432878
[1] 8.000000 5.000000 5.435537
[1] 9.000000 5.000000 5.436565
[1] 10.000000  5.000000  5.438763
[1] 11.000000  5.000000  5.454676
[1] 1.000000 6.000000 5.317296
[1] 2.000000 6.000000 5.318413
[1] 3.000000 6.000000 5.319319
[1] 4.000000 6.000000 5.321129
[1] 5.000000 6.000000 5.321646
[1] 6.000000 6.000000 5.323079
[1] 7.000000 6.000000 5.324328
[1] 8.000000 6.000000 5.326316
[1] 9.000000 6.000000 5.327071
[1] 10.000000  6.000000  5.327671
[1] 11.00000  6.00000  5.33972
[1] 1.000000 7.000000 5.328557
[1] 2.000000 7.000000 5.331014
[1] 3.000000 7.000000 5.331896
[1] 4.000000 7.000000 5.333895
[1] 5.00000 7.00000 5.33567
[1] 6.000000 7.000000 5.337234
[1] 7.000000 7.000000 5.338596
[1] 8.000000 7.000000 5.340742
[1] 9.000000 7.000000 5.342843
[1] 10.000000  7.000000  5.343477
[1] 11.000000  7.000000  5.358774
[1] 1.00000 8.00000 5.46071
[1] 2.000000 8.000000 5.463551
[1] 3.000000 8.000000 5.464618
[1] 4.000000 8.000000 5.466933
[1] 5.000000 8.000000 5.468991
[1] 6.000000 8.000000 5.470807
[1] 7.000000 8.000000 5.472394
[1] 8.000000 8.000000 5.474917
[1] 9.000000 8.000000 5.475864
[1] 10.00000  8.00000  5.47807
[1] 11.000000  8.000000  5.494403
[1] 1.000000 9.000000 5.353192
[1] 2.000000 9.000000 5.353955
[1] 3.000000 9.000000 5.355665
[1] 4.000000 9.000000 5.357171
[1] 5.000000 9.000000 5.358489
[1] 6.000000 9.000000 5.359629
[1] 7.000000 9.000000 5.360601
[1] 8.000000 9.000000 5.362065
[1] 9.000000 9.000000 5.362564
[1] 10.000000  9.000000  5.364017
[1] 11.000000  9.000000  5.374764
[1]  1.000000 10.000000  5.252165
[1]  2.000000 10.000000  5.253027
[1]  3.000000 10.000000  5.254834
[1]  4.000000 10.000000  5.256448
[1]  5.000000 10.000000  5.257878
[1]  6.000000 10.000000  5.259135
[1]  7.000000 10.000000  5.260225
[1]  8.000000 10.000000  5.261925
[1]  9.000000 10.000000  5.263652
[1] 10.000000 10.000000  5.264135
[1] 11.000000 10.000000  5.277564
Time difference of 13.35886 mins
[1] 12.18249
cosine007
Sat Jul 18 21:31:47 PDT 2020
Loading required package: Matrix

Attaching package: ‘expm’

The following object is masked from ‘package:Matrix’:

    expm

[1]     1.000000     1.000000     5.380628 12902.361724
[1]     2.000000     1.000000     5.382336 12880.749485
[1]     3.00000     1.00000     5.38295 12863.70789
[1]     4.000000     1.000000     5.384332 12857.148808
[1]     5.000000     1.000000     5.385556 12856.416735
[1]     6.000000     1.000000     5.386631 12862.879575
[1]     7.000000     1.000000     5.387566 12874.975995
[1]     8.000000     1.000000     5.389034 12912.299408
[1]     9.000000     1.000000     5.389574 12935.937741
[1]    10.000000     1.000000     5.390895 12963.773436
[1]    11.000000     1.000000     5.401158 15181.139979
[1]     1.000000     2.000000     5.492047 11732.722669
[1]     2.000000     2.000000     5.493313 11705.127100
[1]     3.000000     2.000000     5.495587 11686.188404
[1]     4.000000     2.000000     5.496406 11665.352671
[1]     5.000000     2.000000     5.498242 11653.594182
[1]     6.000000     2.000000     5.499864 11642.965814
[1]     7.000000     2.000000     5.501286 11634.107749
[1]     8.000000     2.000000     5.503573 11621.617794
[1]     9.000000     2.000000     5.504453 11614.623890
[1]    10.000000     2.000000     5.505165 11605.702061
[1]    11.000000     2.000000     5.519392 12208.146110
[1]    1.00000    3.00000    5.32393 9573.20489
[1]    2.00000    3.00000    5.32627 9552.19102
[1]    3.00000    3.00000    5.32722 9536.76508
[1]    4.000000    3.000000    5.329123 9526.634432
[1]    5.000000    3.000000    5.330814 9522.012569
[1]    6.000000    3.000000    5.331177 9521.725912
[1]    7.000000    3.000000    5.332498 9523.629740
[1]    8.000000    3.000000    5.334606 9535.679348
[1]    9.000000    3.000000    5.336524 9543.458348
[1]   10.000000    3.000000    5.337178 9552.958218
[1]    11.000000     3.000000     5.349208 10961.474855
[1]     1.000000     4.000000     5.283152 15496.278811
[1]     2.000000     4.000000     5.284208 15477.762853
[1]     3.000000     4.000000     5.286199 15468.788128
[1]     4.000000     4.000000     5.287973 15464.612662
[1]     5.00000     4.00000     5.28844 15458.34844
[1]     6.000000     4.000000     5.289841 15460.436158
[1]     7.00000     4.00000     5.29106 15461.50525
[1]     8.000000     4.000000     5.292989 15466.542965
[1]     9.000000     4.000000     5.294796 15477.514763
[1]    10.000000     4.000000     5.295378 15484.058631
[1]    11.000000     4.000000     5.307399 17017.786947
[1]     1.000000     5.000000     5.422277 13806.099776
[1]     2.000000     5.000000     5.425121 13797.934285
[1]     3.000000     5.000000     5.426315 13790.821818
[1]     4.000000     5.000000     5.428649 13794.448542
[1]     5.000000     5.000000     5.429361 13797.910975
[1]     6.000000     5.000000     5.431232 13808.555451
[1]     7.000000     5.000000     5.432878 13820.496560
[1]     8.000000     5.000000     5.435537 13849.343859
[1]     9.000000     5.000000     5.436565 13866.978504
[1]    10.000000     5.000000     5.438763 13890.047335
[1]    11.000000     5.000000     5.454676 15792.038450
[1]     1.000000     6.000000     5.317296 10526.046262
[1]     2.000000     6.000000     5.318413 10504.591570
[1]     3.000000     6.000000     5.319319 10489.117808
[1]     4.000000     6.000000     5.321129 10480.490967
[1]     5.000000     6.000000     5.321646 10474.184995
[1]     6.000000     6.000000     5.323079 10471.665904
[1]     7.000000     6.000000     5.324328 10470.901907
[1]     8.000000     6.000000     5.326316 10474.776164
[1]     9.000000     6.000000     5.327071 10477.120176
[1]    10.000000     6.000000     5.327671 10480.528610
[1]    11.00000     6.00000     5.33972 11672.03030
[1]     1.000000     7.000000     5.328557 10494.326864
[1]     2.000000     7.000000     5.331014 10471.029345
[1]     3.000000     7.000000     5.331896 10448.075096
[1]     4.000000     7.000000     5.333895 10432.214505
[1]     5.00000     7.00000     5.33567 10420.82308
[1]     6.000000     7.000000     5.337234 10413.981427
[1]     7.000000     7.000000     5.338596 10412.127359
[1]     8.000000     7.000000     5.340742 10416.399567
[1]     9.000000     7.000000     5.342843 10424.913945
[1]    10.000000     7.000000     5.343477 10429.702285
[1]    11.000000     7.000000     5.358774 11760.227300
[1]     1.00000     8.00000     5.46071 22580.15729
[1]     2.000000     8.000000     5.463551 22544.164387
[1]     3.000000     8.000000     5.464618 22504.826354
[1]     4.000000     8.000000     5.466933 22472.604155
[1]     5.000000     8.000000     5.468991 22440.719763
[1]     6.000000     8.000000     5.470807 22409.316725
[1]     7.000000     8.000000     5.472394 22378.651749
[1]     8.000000     8.000000     5.474917 22323.842455
[1]     9.000000     8.000000     5.475864 22296.267565
[1]    10.00000     8.00000     5.47807 22274.44369
[1]    11.000000     8.000000     5.494403 22441.042518
[1]     1.000000     9.000000     5.353192 11799.756620
[1]     2.000000     9.000000     5.353955 11775.501979
[1]     3.000000     9.000000     5.355665 11763.918531
[1]     4.000000     9.000000     5.357171 11754.858642
[1]     5.000000     9.000000     5.358489 11747.332927
[1]     6.000000     9.000000     5.359629 11740.389511
[1]     7.000000     9.000000     5.360601 11732.144406
[1]     8.000000     9.000000     5.362065 11714.643191
[1]     9.000000     9.000000     5.362564 11705.813682
[1]    10.000000     9.000000     5.364017 11705.991070
[1]    11.000000     9.000000     5.374764 12463.015599
[1]     1.000000    10.000000     5.252165 16144.495040
[1]     2.000000    10.000000     5.253027 16122.989675
[1]     3.000000    10.000000     5.254834 16113.075820
[1]     4.000000    10.000000     5.256448 16108.701305
[1]     5.000000    10.000000     5.257878 16107.013134
[1]     6.000000    10.000000     5.259135 16109.171542
[1]     7.000000    10.000000     5.260225 16117.088999
[1]     8.000000    10.000000     5.261925 16141.908153
[1]     9.000000    10.000000     5.263652 16164.746651
[1]    10.000000    10.000000     5.264135 16184.374998
[1]    11.000000    10.000000     5.277564 18175.202831
Time difference of 13.36953 mins
[1] 12.18249
