cosine009
Sun Jul 19 17:28:17 PDT 2020
Loading required package: Matrix

Attaching package: ‘expm’

The following object is masked from ‘package:Matrix’:

    expm

[1]  1.000000e+00  1.000000e+00 -3.194276e-17  3.369985e+06
[1]  2.000000e+00  1.000000e+00 -7.052518e-17  3.233637e+06
[1]  3.000000e+00  1.000000e+00 -1.839674e-17  3.094112e+06
[1] 4.000000e+00 1.000000e+00 6.171279e-18 2.962505e+06
[1]  5.000000e+00  1.000000e+00 -5.090546e-17  2.838032e+06
[1]  6.000000e+00  1.000000e+00 -6.726824e-17  2.718334e+06
[1]  7.000000e+00  1.000000e+00 -1.175709e-17  2.601704e+06
[1] 8.000000e+00 1.000000e+00 1.657962e-17 2.380608e+06
[1] 9.000000e+00 1.000000e+00 7.866104e-17 2.279021e+06
[1] 1.000000e+01 1.000000e+00 9.242607e-17 2.180903e+06
[1]  1.100000e+01  1.000000e+00 -8.425986e-17  1.580181e+05
[1] 1.000000e+00 2.000000e+00 3.344547e-17 1.088487e+04
[1]  2.000000e+00  2.000000e+00 -5.308688e-17  1.060479e+04
[1]  3.000000e+00  2.000000e+00 -8.410807e-17  1.036302e+04
[1] 4.000000e+00 2.000000e+00 6.405033e-17 1.015904e+04
[1] 5.000000e+00 2.000000e+00 6.191011e-17 9.998390e+03
[1] 6.000000e+00 2.000000e+00 5.676015e-17 9.865122e+03
[1]  7.000000e+00  2.000000e+00 -3.756977e-17  9.763843e+03
[1] 8.000000e+00 2.000000e+00 8.649548e-17 9.632483e+03
[1]  9.000000e+00  2.000000e+00 -9.690382e-17  9.605506e+03
[1]  1.000000e+01  2.000000e+00 -6.371206e-17  9.589720e+03
[1]  1.100000e+01  2.000000e+00 -3.553581e-17  2.514872e+04
[1] 1.000000e+00 3.000000e+00 7.347421e-17 1.633815e+04
[1]  2.000000e+00  3.000000e+00 -2.363778e-17  1.604807e+04
[1] 3.000000e+00 3.000000e+00 5.925165e-17 1.577320e+04
[1] 4.000000e+00 3.000000e+00 7.178936e-17 1.551041e+04
[1] 5.000000e+00 3.000000e+00 6.457508e-17 1.526175e+04
[1]  6.000000e+00  3.000000e+00 -4.124956e-17  1.502796e+04
[1] 7.000000e+00 3.000000e+00 2.490196e-17 1.481381e+04
[1]  8.000000e+00  3.000000e+00 -4.375840e-17  1.440968e+04
[1] 9.000000e+00 3.000000e+00 5.069729e-17 1.423163e+04
[1]  1.000000e+01  3.000000e+00 -2.812204e-17  1.405273e+04
[1]  1.100000e+01  3.000000e+00 -1.996667e-17  2.647977e+04
[1]  1.000000e+00  4.000000e+00 -3.181266e-17  4.240051e+04
[1]  2.000000e+00  4.000000e+00 -4.614148e-17  4.187508e+04
[1]  3.000000e+00  4.000000e+00 -7.529134e-17  4.133220e+04
[1]  4.000000e+00  4.000000e+00 -7.788908e-18  4.081759e+04
[1]  5.000000e+00  4.000000e+00 -2.081668e-17  4.032730e+04
[1] 6.000000e+00 4.000000e+00 6.835027e-17 3.985296e+04
[1] 7.000000e+00 4.000000e+00 5.240816e-17 3.935635e+04
[1] 8.000000e+00 4.000000e+00 5.761884e-17 3.845519e+04
[1]  9.000000e+00  4.000000e+00 -5.180535e-17  3.803487e+04
[1]  1.000000e+01  4.000000e+00 -1.017198e-17  3.759565e+04
[1]  1.100000e+01  4.000000e+00 -1.105019e-17  3.278818e+04
[1]  1.000000e+00  5.000000e+00 -7.762454e-17  3.030702e+04
[1] 2.000000e+00 5.000000e+00 9.614271e-17 2.929884e+04
[1]  3.000000e+00  5.000000e+00 -6.405466e-17  2.836416e+04
[1]  4.000000e+00  5.000000e+00 -2.152358e-17  2.754171e+04
[1]  5.000000e+00  5.000000e+00 -3.208371e-17  2.682401e+04
[1] 6.000000e+00 5.000000e+00 3.502840e-17 2.617341e+04
[1] 7.000000e+00 5.000000e+00 7.503113e-17 2.560287e+04
[1]  8.000000e+00  5.000000e+00 -1.040834e-16  2.468178e+04
[1]  9.000000e+00  5.000000e+00 -5.760583e-17  2.428864e+04
[1]  1.000000e+01  5.000000e+00 -4.569912e-17  2.389707e+04
[1]  1.100000e+01  5.000000e+00 -5.999541e-17  2.610278e+04
[1]  1.000000e+00  6.000000e+00 -3.520838e-17  9.566838e+05
[1]  2.000000e+00  6.000000e+00 -2.533564e-17  9.238153e+05
[1] 3.000000e+00 6.000000e+00 2.564355e-17 8.926025e+05
[1] 4.000000e+00 6.000000e+00 9.289444e-18 8.642199e+05
[1] 5.000000e+00 6.000000e+00 7.188260e-18 8.391985e+05
[1] 6.000000e+00 6.000000e+00 6.676083e-17 8.180844e+05
[1]  7.000000e+00  6.000000e+00 -5.951836e-17  7.991957e+05
[1]  8.000000e+00  6.000000e+00 -4.917507e-17  7.668338e+05
[1] 9.000000e+00 6.000000e+00 3.258244e-17 7.519458e+05
[1] 1.000000e+01 6.000000e+00 1.176576e-17 7.356804e+05
[1] 1.100000e+01 6.000000e+00 1.032768e-16 1.288309e+05
[1]  1.000000e+00  7.000000e+00 -7.261119e-17  1.814468e+04
[1] 2.000000e+00 7.000000e+00 6.173447e-17 1.761616e+04
[1]  3.000000e+00  7.000000e+00 -7.323135e-17  1.711539e+04
[1] 4.000000e+00 7.000000e+00 1.449361e-17 1.664585e+04
[1]  5.000000e+00  7.000000e+00 -5.836477e-17  1.624577e+04
