finch001
Mon Aug 24 14:50:33 PDT 2020
Loading required package: Matrix

Attaching package: ‘expm’

The following object is masked from ‘package:Matrix’:

    expm

[1]   1.0000 244.6919
[1]   2.0000 244.6919
[1]   3.0000 244.6919
[1]   4.0000 244.6919
[1]   5.0000 244.6919
[1]   6.0000 244.6919
[1]   7.0000 244.6919
[1]   8.0000 244.6919
[1]   9.0000 244.6919
[1]  10.0000 244.6919
[1]  11.0000 244.6919
[1]  12.0000 244.6919
[1]  13.0000 244.6919
[1]  14.0000 244.6919
[1]  15.0000 244.6919
[1]  16.0000 244.6919
[1]  17.0000 244.6919
[1]  18.0000 244.6919
[1]  19.0000 244.6919
[1]  20.0000 244.6919
[1]  21.0000 244.6919
[1]  22.0000 244.6919
[1]  23.0000 244.6919
[1]  24.0000 244.6919
[1]  25.0000 244.6919
[1]  26.0000 244.6919
[1]  27.0000 244.6919
[1]  28.0000 244.6919
[1]  29.0000 244.6919
[1]  30.0000 244.6919
[1]  31.0000 244.6919
[1]  32.0000 244.6919
[1]  33.0000 244.6919
[1]  34.0000 244.6919
[1]  35.0000 244.6919
[1]  36.0000 244.6919
[1]  37.0000 244.6919
[1]  38.0000 244.6919
[1]  39.0000 244.6919
[1]  40.0000 244.6919
[1]  41.0000 244.6919
[1]  42.0000 244.6919
[1]  43.0000 244.6919
[1]  44.0000 244.6919
[1]  45.0000 244.6919
[1]  46.0000 244.6919
[1]  47.0000 244.6919
[1]  48.0000 244.6919
[1]  49.0000 244.6919
[1]  50.0000 244.6919
Time difference of 6.083519 mins
