-bash: /home/stats/daiy/rls3/replicates.sh: No such file or directory
-bash: /home/stats/daiy/rls3/replicates.sh: No such file or directory
-bash: /home/stats/daiy/rls3/replicates.sh: No such file or directory
-bash: /home/stats/daiy/rls3/replicates.sh: No such file or directory
cosine010
Sun Jul 12 20:47:37 PDT 2020
Loading required package: Matrix

Attaching package: ‘expm’

The following object is masked from ‘package:Matrix’:

    expm

Error in library(tidyverse) : there is no package called ‘tidyverse’
Execution halted
cosine009
Sun Jul 12 20:49:52 PDT 2020
Loading required package: Matrix

Attaching package: ‘expm’

The following object is masked from ‘package:Matrix’:

    expm

cosine010
Sun Jul 12 20:52:07 PDT 2020
Loading required package: Matrix

Attaching package: ‘expm’

The following object is masked from ‘package:Matrix’:

    expm

manpath: warning: $MANPATH set, ignoring /etc/man_db.conf
cosine001
Sun Jul 19 17:12:17 PDT 2020
Loading required package: Matrix

Attaching package: ‘expm’

The following object is masked from ‘package:Matrix’:

    expm

[1]  1.000000e+00  1.000000e+00 -4.663756e-17  1.310488e+04
[1]  2.000000e+00  1.000000e+00 -7.723374e-17  1.308830e+04
[1] 3.000000e+00 1.000000e+00 5.085631e-17 1.307459e+04
[1]  4.000000e+00  1.000000e+00 -4.401620e-17  1.306508e+04
[1] 5.000000e+00 1.000000e+00 1.142026e-17 1.306095e+04
[1]  6.000000e+00  1.000000e+00 -4.480646e-17  1.306142e+04
[1]  7.000000e+00  1.000000e+00 -8.813118e-17  1.306371e+04
[1]  8.000000e+00  1.000000e+00 -7.705063e-17  1.307721e+04
[1] 9.000000e+00 1.000000e+00 1.712798e-17 1.308632e+04
[1]  1.000000e+01  1.000000e+00 -9.194034e-17  1.309716e+04
[1] 1.100000e+01 1.000000e+00 3.393071e-17 2.605993e+04
[1] 1.000000e+00 2.000000e+00 3.623645e-18 7.923385e+03
[1] 2.000000e+00 2.000000e+00 7.603148e-17 7.879752e+03
[1]  3.000000e+00  2.000000e+00 -9.757820e-17  7.842173e+03
[1] 4.000000e+00 2.000000e+00 7.632783e-17 7.810661e+03
[1]  5.000000e+00  2.000000e+00 -8.792157e-17  7.782144e+03
[1] 6.000000e+00 2.000000e+00 6.646882e-17 7.756319e+03
[1]  7.000000e+00  2.000000e+00 -1.431147e-17  7.735330e+03
[1] 8.000000e+00 2.000000e+00 2.081668e-17 7.704790e+03
[1]  9.000000e+00  2.000000e+00 -8.098267e-17  7.698232e+03
[1]  1.000000e+01  2.000000e+00 -6.390769e-17  7.695308e+03
[1]  1.100000e+01  2.000000e+00 -8.642055e-17  2.009154e+04
[1] 1.000000e+00 3.000000e+00 3.958061e-17 1.435810e+04
[1] 2.000000e+00 3.000000e+00 7.682416e-17 1.432236e+04
[1]  3.000000e+00  3.000000e+00 -9.895634e-17  1.429193e+04
[1]  4.000000e+00  3.000000e+00 -2.568836e-17  1.426635e+04
[1] 5.000000e+00 3.000000e+00 8.109832e-18 1.424612e+04
[1]  6.000000e+00  3.000000e+00 -6.501358e-17  1.423012e+04
[1] 7.000000e+00 3.000000e+00 6.475819e-17 1.421852e+04
[1] 8.000000e+00 3.000000e+00 8.542068e-17 1.420491e+04
[1] 9.000000e+00 3.000000e+00 3.787480e-18 1.420193e+04
[1] 1.000000e+01 3.000000e+00 9.129464e-17 1.420174e+04
[1]  1.100000e+01  3.000000e+00 -4.008175e-17  2.820934e+04
[1]  1.000000e+00  4.000000e+00 -4.740132e-17  1.490812e+04
[1]  2.000000e+00  4.000000e+00 -5.663390e-17  1.486622e+04
[1] 3.000000e+00 4.000000e+00 4.646168e-17 1.483095e+04
[1] 4.000000e+00 4.000000e+00 3.231886e-17 1.480117e+04
[1] 5.000000e+00 4.000000e+00 2.515349e-17 1.477592e+04
[1]  6.000000e+00  4.000000e+00 -6.874806e-17  1.475317e+04
[1] 7.000000e+00 4.000000e+00 1.207175e-16 1.473420e+04
[1]  8.000000e+00  4.000000e+00 -7.468948e-18  1.471100e+04
[1] 9.000000e+00 4.000000e+00 4.386441e-17 1.470495e+04
[1] 1.000000e+01 4.000000e+00 4.279466e-17 1.470185e+04
[1] 1.100000e+01 4.000000e+00 3.924812e-17 2.777218e+04
[1]  1.000000e+00  5.000000e+00 -8.782038e-17  1.621264e+04
[1]  2.000000e+00  5.000000e+00 -7.179346e-17  1.617744e+04
[1] 3.000000e+00 5.000000e+00 6.847339e-17 1.614578e+04
[1] 4.000000e+00 5.000000e+00 4.266456e-17 1.611678e+04
[1] 5.000000e+00 5.000000e+00 5.481726e-17 1.609225e+04
[1] 6.000000e+00 5.000000e+00 4.064072e-17 1.607386e+04
[1]  7.000000e+00  5.000000e+00 -4.125751e-17  1.605830e+04
[1]  8.000000e+00  5.000000e+00 -8.847090e-17  1.603409e+04
[1] 9.000000e+00 5.000000e+00 6.178025e-17 1.602931e+04
[1] 1.000000e+01 5.000000e+00 5.482208e-17 1.602758e+04
[1] 1.100000e+01 5.000000e+00 6.698924e-17 2.874528e+04
[1] 1.000000e+00 6.000000e+00 1.225727e-16 1.723700e+04
[1]  2.000000e+00  6.000000e+00 -8.914551e-17  1.720492e+04
[1] 3.000000e+00 6.000000e+00 1.380069e-17 1.717739e+04
[1] 4.000000e+00 6.000000e+00 4.823977e-17 1.715440e+04
[1] 5.000000e+00 6.000000e+00 2.022398e-17 1.713640e+04
[1] 6.000000e+00 6.000000e+00 6.310057e-17 1.712292e+04
[1] 7.000000e+00 6.000000e+00 5.406555e-18 1.711195e+04
[1]  8.000000e+00  6.000000e+00 -4.920832e-17  1.710080e+04
[1]  9.000000e+00  6.000000e+00 -1.576671e-17  1.709996e+04
[1]  1.000000e+01  6.000000e+00 -7.143688e-17  1.710142e+04
[1] 1.100000e+01 6.000000e+00 2.346695e-18 3.100481e+04
[1] 1.000000e+00 7.000000e+00 1.161301e-17 1.473634e+04
[1]  2.000000e+00  7.000000e+00 -1.657625e-18  1.469638e+04
[1]  3.000000e+00  7.000000e+00 -5.498110e-17  1.466287e+04
[1]  4.000000e+00  7.000000e+00 -4.736759e-17  1.463399e+04
[1]  5.000000e+00  7.000000e+00 -5.740730e-17  1.461294e+04
[1] 6.000000e+00 7.000000e+00 3.831811e-17 1.459642e+04
[1]  7.000000e+00  7.000000e+00 -4.366444e-17  1.458348e+04
[1] 8.000000e+00 7.000000e+00 3.878312e-17 1.456236e+04
[1] 9.000000e+00 7.000000e+00 4.371744e-17 1.455638e+04
[1] 1.000000e+01 7.000000e+00 1.664371e-17 1.455257e+04
[1]  1.100000e+01  7.000000e+00 -3.696648e-17  2.508004e+04
[1]  1.000000e+00  8.000000e+00 -6.663266e-17  1.654958e+04
[1]  2.000000e+00  8.000000e+00 -4.640867e-17  1.651201e+04
[1]  3.000000e+00  8.000000e+00 -9.296190e-17  1.648015e+04
[1]  4.000000e+00  8.000000e+00 -1.085551e-16  1.645346e+04
[1] 5.000000e+00 8.000000e+00 4.410053e-17 1.643231e+04
[1]  6.000000e+00  8.000000e+00 -4.607618e-17  1.641752e+04
[1] 7.000000e+00 8.000000e+00 1.110223e-16 1.640884e+04
[1]  8.000000e+00  8.000000e+00 -7.104656e-17  1.640664e+04
[1]  9.000000e+00  8.000000e+00 -4.618701e-17  1.641051e+04
[1] 1.000000e+01 8.000000e+00 1.150218e-17 1.641780e+04
[1] 1.100000e+01 8.000000e+00 3.025165e-17 3.273362e+04
[1]  1.000000e+00  9.000000e+00 -3.585095e-18  1.847701e+04
[1]  2.000000e+00  9.000000e+00 -6.451485e-17  1.841267e+04
[1]  3.000000e+00  9.000000e+00 -2.978665e-17  1.835553e+04
[1]  4.000000e+00  9.000000e+00 -8.866364e-17  1.830370e+04
[1]  5.000000e+00  9.000000e+00 -5.865052e-17  1.825918e+04
[1] 6.000000e+00 9.000000e+00 1.060832e-17 1.821763e+04
[1]  7.000000e+00  9.000000e+00 -1.148507e-16  1.818027e+04
[1] 8.000000e+00 9.000000e+00 1.515474e-18 1.812666e+04
[1] 9.000000e+00 9.000000e+00 3.800249e-17 1.810755e+04
[1]  1.000000e+01  9.000000e+00 -4.119968e-17  1.808603e+04
[1] 1.100000e+01 9.000000e+00 3.118647e-17 2.679015e+04
[1]  1.000000e+00  1.000000e+01 -9.129464e-17  1.272964e+04
[1] 2.000000e+00 1.000000e+01 5.901915e-17 1.271479e+04
[1] 3.000000e+00 1.000000e+01 9.248967e-17 1.270639e+04
[1]  4.000000e+00  1.000000e+01 -1.836157e-17  1.270347e+04
[1]  5.000000e+00  1.000000e+01 -2.476800e-17  1.270597e+04
[1] 6.00000e+00 1.00000e+01 5.77952e-17 1.27128e+04
[1]  7.000000e+00  1.000000e+01 -4.783741e-17  1.272378e+04
[1] 8.000000e+00 1.000000e+01 3.079857e-17 1.276151e+04
[1]  9.000000e+00  1.000000e+01 -1.278877e-17  1.278611e+04
[1]  1.000000e+01  1.000000e+01 -9.531342e-18  1.281352e+04
[1]  1.100000e+01  1.000000e+01 -2.288148e-17  2.704505e+04
Time difference of 25.6419 mins
[1] 14.15404
cosine009
Mon Jul 27 17:01:29 PDT 2020
Loading required package: Matrix

Attaching package: ‘expm’

The following object is masked from ‘package:Matrix’:

    expm

[1]  1.000000e+00  1.000000e+00 -4.663756e-17  1.310488e+04  6.365299e+04
[1]  2.000000e+00  1.000000e+00 -7.723374e-17  1.308830e+04  6.370338e+04
[1] 3.000000e+00 1.000000e+00 5.085631e-17 1.307459e+04 6.376890e+04
[1]  4.000000e+00  1.000000e+00 -4.401620e-17  1.306508e+04  6.385043e+04
[1] 5.000000e+00 1.000000e+00 1.142026e-17 1.306095e+04 6.395018e+04
[1]  6.000000e+00  1.000000e+00 -4.480646e-17  1.306142e+04  6.407054e+04
[1]  7.000000e+00  1.000000e+00 -8.813118e-17  1.306371e+04  6.420579e+04
[1]  8.000000e+00  1.000000e+00 -7.705063e-17  1.307721e+04  6.453829e+04
[1] 9.000000e+00 1.000000e+00 1.712798e-17 1.308632e+04 6.473400e+04
[1]  1.000000e+01  1.000000e+00 -9.194034e-17  1.309716e+04  6.495175e+04
[1] 1.100000e+01 1.000000e+00 3.393071e-17 2.605993e+04 2.177223e+05
[1] 1.000000e+00 2.000000e+00 3.623645e-18 7.923385e+03 5.909465e+04
[1] 2.000000e+00 2.000000e+00 7.603148e-17 7.879752e+03 5.912448e+04
[1]  3.000000e+00  2.000000e+00 -9.757820e-17  7.842173e+03  5.917346e+04
[1] 4.000000e+00 2.000000e+00 7.632783e-17 7.810661e+03 5.924182e+04
[1]  5.000000e+00  2.000000e+00 -8.792157e-17  7.782144e+03  5.932475e+04
[1] 6.000000e+00 2.000000e+00 6.646882e-17 7.756319e+03 5.942485e+04
[1]  7.000000e+00  2.000000e+00 -1.431147e-17  7.735330e+03  5.954913e+04
[1] 8.000000e+00 2.000000e+00 2.081668e-17 7.704790e+03 5.985070e+04
[1]  9.000000e+00  2.000000e+00 -8.098267e-17  7.698232e+03  6.003544e+04
[1]  1.000000e+01  2.000000e+00 -6.390769e-17  7.695308e+03  6.023942e+04
[1]  1.100000e+01  2.000000e+00 -8.642055e-17  2.009154e+04  2.129418e+05
[1] 1.000000e+00 3.000000e+00 3.958061e-17 1.435810e+04 6.291781e+04
[1] 2.000000e+00 3.000000e+00 7.682416e-17 1.432236e+04 6.293288e+04
[1]  3.000000e+00  3.000000e+00 -9.895634e-17  1.429193e+04  6.296711e+04
[1]  4.000000e+00  3.000000e+00 -2.568836e-17  1.426635e+04  6.301861e+04
[1] 5.000000e+00 3.000000e+00 8.109832e-18 1.424612e+04 6.309089e+04
[1]  6.000000e+00  3.000000e+00 -6.501358e-17  1.423012e+04  6.318249e+04
[1] 7.000000e+00 3.000000e+00 6.475819e-17 1.421852e+04 6.329760e+04
[1] 8.000000e+00 3.000000e+00 8.542068e-17 1.420491e+04 6.359675e+04
[1] 9.000000e+00 3.000000e+00 3.787480e-18 1.420193e+04 6.377737e+04
[1] 1.000000e+01 3.000000e+00 9.129464e-17 1.420174e+04 6.398244e+04
[1]  1.100000e+01  3.000000e+00 -4.008175e-17  2.820934e+04  2.194989e+05
[1]  1.000000e+00  4.000000e+00 -4.740132e-17  1.490812e+04  6.596253e+04
[1]  2.000000e+00  4.000000e+00 -5.663390e-17  1.486622e+04  6.598157e+04
[1] 3.000000e+00 4.000000e+00 4.646168e-17 1.483095e+04 6.601842e+04
[1] 4.000000e+00 4.000000e+00 3.231886e-17 1.480117e+04 6.606928e+04
[1] 5.000000e+00 4.000000e+00 2.515349e-17 1.477592e+04 6.614027e+04
[1]  6.000000e+00  4.000000e+00 -6.874806e-17  1.475317e+04  6.623172e+04
[1] 7.000000e+00 4.000000e+00 1.207175e-16 1.473420e+04 6.634396e+04
[1]  8.000000e+00  4.000000e+00 -7.468948e-18  1.471100e+04  6.664057e+04
[1] 9.000000e+00 4.000000e+00 4.386441e-17 1.470495e+04 6.682337e+04
[1] 1.000000e+01 4.000000e+00 4.279466e-17 1.470185e+04 6.702628e+04
[1] 1.100000e+01 4.000000e+00 3.924812e-17 2.777218e+04 2.216462e+05
[1]  1.000000e+00  5.000000e+00 -8.782038e-17  1.621264e+04  6.547138e+04
[1]  2.000000e+00  5.000000e+00 -7.179346e-17  1.617744e+04  6.549909e+04
[1] 3.000000e+00 5.000000e+00 6.847339e-17 1.614578e+04 6.554323e+04
[1] 4.000000e+00 5.000000e+00 4.266456e-17 1.611678e+04 6.560115e+04
[1] 5.000000e+00 5.000000e+00 5.481726e-17 1.609225e+04 6.568269e+04
[1] 6.000000e+00 5.000000e+00 4.064072e-17 1.607386e+04 6.578842e+04
[1]  7.000000e+00  5.000000e+00 -4.125751e-17  1.605830e+04  6.591032e+04
[1]  8.000000e+00  5.000000e+00 -8.847090e-17  1.603409e+04  6.620525e+04
[1] 9.000000e+00 5.000000e+00 6.178025e-17 1.602931e+04 6.638982e+04
[1] 1.000000e+01 5.000000e+00 5.482208e-17 1.602758e+04 6.659256e+04
[1] 1.100000e+01 5.000000e+00 6.698924e-17 2.874528e+04 2.210035e+05
[1] 1.000000e+00 6.000000e+00 1.225727e-16 1.723700e+04 6.557640e+04
[1]  2.000000e+00  6.000000e+00 -8.914551e-17  1.720492e+04  6.560603e+04
[1] 3.000000e+00 6.000000e+00 1.380069e-17 1.717739e+04 6.565323e+04
[1] 4.000000e+00 6.000000e+00 4.823977e-17 1.715440e+04 6.571924e+04
[1] 5.000000e+00 6.000000e+00 2.022398e-17 1.713640e+04 6.580602e+04
[1] 6.000000e+00 6.000000e+00 6.310057e-17 1.712292e+04 6.591407e+04
[1] 7.000000e+00 6.000000e+00 5.406555e-18 1.711195e+04 6.604190e+04
[1]  8.000000e+00  6.000000e+00 -4.920832e-17  1.710080e+04  6.635571e+04
[1]  9.000000e+00  6.000000e+00 -1.576671e-17  1.709996e+04  6.654667e+04
[1]  1.000000e+01  6.000000e+00 -7.143688e-17  1.710142e+04  6.675408e+04
[1] 1.100000e+01 6.000000e+00 2.346695e-18 3.100481e+04 2.210526e+05
[1] 1.000000e+00 7.000000e+00 1.161301e-17 1.473634e+04 6.522246e+04
[1]  2.000000e+00  7.000000e+00 -1.657625e-18  1.469638e+04  6.524262e+04
[1]  3.000000e+00  7.000000e+00 -5.498110e-17  1.466287e+04  6.528362e+04
[1]  4.000000e+00  7.000000e+00 -4.736759e-17  1.463399e+04  6.533829e+04
[1]  5.000000e+00  7.000000e+00 -5.740730e-17  1.461294e+04  6.541534e+04
[1] 6.000000e+00 7.000000e+00 3.831811e-17 1.459642e+04 6.551323e+04
[1]  7.000000e+00  7.000000e+00 -4.366444e-17  1.458348e+04  6.563353e+04
[1] 8.000000e+00 7.000000e+00 3.878312e-17 1.456236e+04 6.592901e+04
[1] 9.000000e+00 7.000000e+00 4.371744e-17 1.455638e+04 6.611001e+04
[1] 1.000000e+01 7.000000e+00 1.664371e-17 1.455257e+04 6.630962e+04
[1]  1.100000e+01  7.000000e+00 -3.696648e-17  2.508004e+04  2.177298e+05
[1]  1.000000e+00  8.000000e+00 -6.663266e-17  1.654958e+04  6.478909e+04
[1]  2.000000e+00  8.000000e+00 -4.640867e-17  1.651201e+04  6.481529e+04
[1]  3.000000e+00  8.000000e+00 -9.296190e-17  1.648015e+04  6.486186e+04
[1]  4.000000e+00  8.000000e+00 -1.085551e-16  1.645346e+04  6.492555e+04
[1] 5.000000e+00 8.000000e+00 4.410053e-17 1.643231e+04 6.500829e+04
[1]  6.000000e+00  8.000000e+00 -4.607618e-17  1.641752e+04  6.511000e+04
[1] 7.000000e+00 8.000000e+00 1.110223e-16 1.640884e+04 6.523536e+04
[1]  8.000000e+00  8.000000e+00 -7.104656e-17  1.640664e+04  6.555407e+04
[1]  9.000000e+00  8.000000e+00 -4.618701e-17  1.641051e+04  6.574476e+04
[1] 1.000000e+01 8.000000e+00 1.150218e-17 1.641780e+04 6.595994e+04
[1] 1.100000e+01 8.000000e+00 3.025165e-17 3.273362e+04 2.224421e+05
[1]  1.000000e+00  9.000000e+00 -3.585095e-18  1.847701e+04  6.899687e+04
[1]  2.000000e+00  9.000000e+00 -6.451485e-17  1.841267e+04  6.899004e+04
[1]  3.000000e+00  9.000000e+00 -2.978665e-17  1.835553e+04  6.900334e+04
[1]  4.000000e+00  9.000000e+00 -8.866364e-17  1.830370e+04  6.903148e+04
[1]  5.000000e+00  9.000000e+00 -5.865052e-17  1.825918e+04  6.908148e+04
[1] 6.000000e+00 9.000000e+00 1.060832e-17 1.821763e+04 6.915234e+04
[1]  7.000000e+00  9.000000e+00 -1.148507e-16  1.818027e+04  6.924247e+04
[1] 8.000000e+00 9.000000e+00 1.515474e-18 1.812666e+04 6.950062e+04
[1] 9.000000e+00 9.000000e+00 3.800249e-17 1.810755e+04 6.966815e+04
[1]  1.000000e+01  9.000000e+00 -4.119968e-17  1.808603e+04  6.985007e+04
[1] 1.100000e+01 9.000000e+00 3.118647e-17 2.679015e+04 2.196572e+05
[1]  1.000000e+00  1.000000e+01 -9.129464e-17  1.272964e+04  6.279684e+04
[1] 2.000000e+00 1.000000e+01 5.901915e-17 1.271479e+04 6.285569e+04
[1] 3.000000e+00 1.000000e+01 9.248967e-17 1.270639e+04 6.292894e+04
[1]  4.000000e+00  1.000000e+01 -1.836157e-17  1.270347e+04  6.301802e+04
[1]  5.000000e+00  1.000000e+01 -2.476800e-17  1.270597e+04  6.312687e+04
[1] 6.000000e+00 1.000000e+01 5.779520e-17 1.271280e+04 6.325385e+04
[1]  7.000000e+00  1.000000e+01 -4.783741e-17  1.272378e+04  6.340051e+04
[1] 8.000000e+00 1.000000e+01 3.079857e-17 1.276151e+04 6.376745e+04
[1]  9.000000e+00  1.000000e+01 -1.278877e-17  1.278611e+04  6.397993e+04
[1]  1.000000e+01  1.000000e+01 -9.531342e-18  1.281352e+04  6.421443e+04
[1]  1.100000e+01  1.000000e+01 -2.288148e-17  2.704505e+04  2.200465e+05
Time difference of 23.91995 mins
[1] 14.15404
Error in Zt - Xt %*% B_iter - matrix(rep(b_iter, times = n), nrow = n,  : 
  non-conformable arrays
Calls: evaluation -> matrix -> rowMeans
Execution halted
cosine010
Mon Jul 27 21:37:14 PDT 2020
Loading required package: Matrix

Attaching package: ‘expm’

The following object is masked from ‘package:Matrix’:

    expm

[1]  1.000000e+00  1.000000e+00 -4.663756e-17  1.310488e+04  6.365299e+04
[1]  2.000000e+00  1.000000e+00 -7.723374e-17  1.308830e+04  6.370338e+04
[1] 3.000000e+00 1.000000e+00 5.085631e-17 1.307459e+04 6.376890e+04
[1]  4.000000e+00  1.000000e+00 -4.401620e-17  1.306508e+04  6.385043e+04
[1] 5.000000e+00 1.000000e+00 1.142026e-17 1.306095e+04 6.395018e+04
[1]  6.000000e+00  1.000000e+00 -4.480646e-17  1.306142e+04  6.407054e+04
[1]  7.000000e+00  1.000000e+00 -8.813118e-17  1.306371e+04  6.420579e+04
[1]  8.000000e+00  1.000000e+00 -7.705063e-17  1.307721e+04  6.453829e+04
[1] 9.000000e+00 1.000000e+00 1.712798e-17 1.308632e+04 6.473400e+04
[1]  1.000000e+01  1.000000e+00 -9.194034e-17  1.309716e+04  6.495175e+04
[1] 1.100000e+01 1.000000e+00 3.393071e-17 2.605993e+04 2.177223e+05
[1] 1.000000e+00 2.000000e+00 3.623645e-18 7.923385e+03 5.909465e+04
[1] 2.000000e+00 2.000000e+00 7.603148e-17 7.879752e+03 5.912448e+04
[1]  3.000000e+00  2.000000e+00 -9.757820e-17  7.842173e+03  5.917346e+04
[1] 4.000000e+00 2.000000e+00 7.632783e-17 7.810661e+03 5.924182e+04
[1]  5.000000e+00  2.000000e+00 -8.792157e-17  7.782144e+03  5.932475e+04
[1] 6.000000e+00 2.000000e+00 6.646882e-17 7.756319e+03 5.942485e+04
[1]  7.000000e+00  2.000000e+00 -1.431147e-17  7.735330e+03  5.954913e+04
[1] 8.000000e+00 2.000000e+00 2.081668e-17 7.704790e+03 5.985070e+04
[1]  9.000000e+00  2.000000e+00 -8.098267e-17  7.698232e+03  6.003544e+04
[1]  1.000000e+01  2.000000e+00 -6.390769e-17  7.695308e+03  6.023942e+04
[1]  1.100000e+01  2.000000e+00 -8.642055e-17  2.009154e+04  2.129418e+05
[1] 1.000000e+00 3.000000e+00 3.958061e-17 1.435810e+04 6.291781e+04
[1] 2.000000e+00 3.000000e+00 7.682416e-17 1.432236e+04 6.293288e+04
[1]  3.000000e+00  3.000000e+00 -9.895634e-17  1.429193e+04  6.296711e+04
[1]  4.000000e+00  3.000000e+00 -2.568836e-17  1.426635e+04  6.301861e+04
[1] 5.000000e+00 3.000000e+00 8.109832e-18 1.424612e+04 6.309089e+04
[1]  6.000000e+00  3.000000e+00 -6.501358e-17  1.423012e+04  6.318249e+04
[1] 7.000000e+00 3.000000e+00 6.475819e-17 1.421852e+04 6.329760e+04
[1] 8.000000e+00 3.000000e+00 8.542068e-17 1.420491e+04 6.359675e+04
[1] 9.000000e+00 3.000000e+00 3.787480e-18 1.420193e+04 6.377737e+04
[1] 1.000000e+01 3.000000e+00 9.129464e-17 1.420174e+04 6.398244e+04
[1]  1.100000e+01  3.000000e+00 -4.008175e-17  2.820934e+04  2.194989e+05
[1]  1.000000e+00  4.000000e+00 -4.740132e-17  1.490812e+04  6.596253e+04
[1]  2.000000e+00  4.000000e+00 -5.663390e-17  1.486622e+04  6.598157e+04
[1] 3.000000e+00 4.000000e+00 4.646168e-17 1.483095e+04 6.601842e+04
[1] 4.000000e+00 4.000000e+00 3.231886e-17 1.480117e+04 6.606928e+04
[1] 5.000000e+00 4.000000e+00 2.515349e-17 1.477592e+04 6.614027e+04
[1]  6.000000e+00  4.000000e+00 -6.874806e-17  1.475317e+04  6.623172e+04
[1] 7.000000e+00 4.000000e+00 1.207175e-16 1.473420e+04 6.634396e+04
[1]  8.000000e+00  4.000000e+00 -7.468948e-18  1.471100e+04  6.664057e+04
[1] 9.000000e+00 4.000000e+00 4.386441e-17 1.470495e+04 6.682337e+04
[1] 1.000000e+01 4.000000e+00 4.279466e-17 1.470185e+04 6.702628e+04
[1] 1.100000e+01 4.000000e+00 3.924812e-17 2.777218e+04 2.216462e+05
[1]  1.000000e+00  5.000000e+00 -8.782038e-17  1.621264e+04  6.547138e+04
[1]  2.000000e+00  5.000000e+00 -7.179346e-17  1.617744e+04  6.549909e+04
[1] 3.000000e+00 5.000000e+00 6.847339e-17 1.614578e+04 6.554323e+04
[1] 4.000000e+00 5.000000e+00 4.266456e-17 1.611678e+04 6.560115e+04
[1] 5.000000e+00 5.000000e+00 5.481726e-17 1.609225e+04 6.568269e+04
[1] 6.000000e+00 5.000000e+00 4.064072e-17 1.607386e+04 6.578842e+04
[1]  7.000000e+00  5.000000e+00 -4.125751e-17  1.605830e+04  6.591032e+04
[1]  8.000000e+00  5.000000e+00 -8.847090e-17  1.603409e+04  6.620525e+04
[1] 9.000000e+00 5.000000e+00 6.178025e-17 1.602931e+04 6.638982e+04
[1] 1.000000e+01 5.000000e+00 5.482208e-17 1.602758e+04 6.659256e+04
[1] 1.100000e+01 5.000000e+00 6.698924e-17 2.874528e+04 2.210035e+05
[1] 1.000000e+00 6.000000e+00 1.225727e-16 1.723700e+04 6.557640e+04
[1]  2.000000e+00  6.000000e+00 -8.914551e-17  1.720492e+04  6.560603e+04
[1] 3.000000e+00 6.000000e+00 1.380069e-17 1.717739e+04 6.565323e+04
[1] 4.000000e+00 6.000000e+00 4.823977e-17 1.715440e+04 6.571924e+04
[1] 5.000000e+00 6.000000e+00 2.022398e-17 1.713640e+04 6.580602e+04
[1] 6.000000e+00 6.000000e+00 6.310057e-17 1.712292e+04 6.591407e+04
[1] 7.000000e+00 6.000000e+00 5.406555e-18 1.711195e+04 6.604190e+04
[1]  8.000000e+00  6.000000e+00 -4.920832e-17  1.710080e+04  6.635571e+04
[1]  9.000000e+00  6.000000e+00 -1.576671e-17  1.709996e+04  6.654667e+04
[1]  1.000000e+01  6.000000e+00 -7.143688e-17  1.710142e+04  6.675408e+04
[1] 1.100000e+01 6.000000e+00 2.346695e-18 3.100481e+04 2.210526e+05
[1] 1.000000e+00 7.000000e+00 1.161301e-17 1.473634e+04 6.522246e+04
[1]  2.000000e+00  7.000000e+00 -1.657625e-18  1.469638e+04  6.524262e+04
[1]  3.000000e+00  7.000000e+00 -5.498110e-17  1.466287e+04  6.528362e+04
[1]  4.000000e+00  7.000000e+00 -4.736759e-17  1.463399e+04  6.533829e+04
[1]  5.000000e+00  7.000000e+00 -5.740730e-17  1.461294e+04  6.541534e+04
[1] 6.000000e+00 7.000000e+00 3.831811e-17 1.459642e+04 6.551323e+04
[1]  7.000000e+00  7.000000e+00 -4.366444e-17  1.458348e+04  6.563353e+04
[1] 8.000000e+00 7.000000e+00 3.878312e-17 1.456236e+04 6.592901e+04
[1] 9.000000e+00 7.000000e+00 4.371744e-17 1.455638e+04 6.611001e+04
[1] 1.000000e+01 7.000000e+00 1.664371e-17 1.455257e+04 6.630962e+04
[1]  1.100000e+01  7.000000e+00 -3.696648e-17  2.508004e+04  2.177298e+05
[1]  1.000000e+00  8.000000e+00 -6.663266e-17  1.654958e+04  6.478909e+04
[1]  2.000000e+00  8.000000e+00 -4.640867e-17  1.651201e+04  6.481529e+04
[1]  3.000000e+00  8.000000e+00 -9.296190e-17  1.648015e+04  6.486186e+04
[1]  4.000000e+00  8.000000e+00 -1.085551e-16  1.645346e+04  6.492555e+04
[1] 5.000000e+00 8.000000e+00 4.410053e-17 1.643231e+04 6.500829e+04
[1]  6.000000e+00  8.000000e+00 -4.607618e-17  1.641752e+04  6.511000e+04
[1] 7.000000e+00 8.000000e+00 1.110223e-16 1.640884e+04 6.523536e+04
[1]  8.000000e+00  8.000000e+00 -7.104656e-17  1.640664e+04  6.555407e+04
[1]  9.000000e+00  8.000000e+00 -4.618701e-17  1.641051e+04  6.574476e+04
[1] 1.000000e+01 8.000000e+00 1.150218e-17 1.641780e+04 6.595994e+04
[1] 1.100000e+01 8.000000e+00 3.025165e-17 3.273362e+04 2.224421e+05
[1]  1.000000e+00  9.000000e+00 -3.585095e-18  1.847701e+04  6.899687e+04
[1]  2.000000e+00  9.000000e+00 -6.451485e-17  1.841267e+04  6.899004e+04
[1]  3.000000e+00  9.000000e+00 -2.978665e-17  1.835553e+04  6.900334e+04
[1]  4.000000e+00  9.000000e+00 -8.866364e-17  1.830370e+04  6.903148e+04
[1]  5.000000e+00  9.000000e+00 -5.865052e-17  1.825918e+04  6.908148e+04
[1] 6.000000e+00 9.000000e+00 1.060832e-17 1.821763e+04 6.915234e+04
[1]  7.000000e+00  9.000000e+00 -1.148507e-16  1.818027e+04  6.924247e+04
[1] 8.000000e+00 9.000000e+00 1.515474e-18 1.812666e+04 6.950062e+04
[1] 9.000000e+00 9.000000e+00 3.800249e-17 1.810755e+04 6.966815e+04
[1]  1.000000e+01  9.000000e+00 -4.119968e-17  1.808603e+04  6.985007e+04
[1] 1.100000e+01 9.000000e+00 3.118647e-17 2.679015e+04 2.196572e+05
[1]  1.000000e+00  1.000000e+01 -9.129464e-17  1.272964e+04  6.279684e+04
[1] 2.000000e+00 1.000000e+01 5.901915e-17 1.271479e+04 6.285569e+04
[1] 3.000000e+00 1.000000e+01 9.248967e-17 1.270639e+04 6.292894e+04
[1]  4.000000e+00  1.000000e+01 -1.836157e-17  1.270347e+04  6.301802e+04
[1]  5.000000e+00  1.000000e+01 -2.476800e-17  1.270597e+04  6.312687e+04
[1] 6.000000e+00 1.000000e+01 5.779520e-17 1.271280e+04 6.325385e+04
[1]  7.000000e+00  1.000000e+01 -4.783741e-17  1.272378e+04  6.340051e+04
[1] 8.000000e+00 1.000000e+01 3.079857e-17 1.276151e+04 6.376745e+04
[1]  9.000000e+00  1.000000e+01 -1.278877e-17  1.278611e+04  6.397993e+04
[1]  1.000000e+01  1.000000e+01 -9.531342e-18  1.281352e+04  6.421443e+04
[1]  1.100000e+01  1.000000e+01 -2.288148e-17  2.704505e+04  2.200465e+05
Time difference of 24.42275 mins
[1] 14.15404
